2024-06-07 14:18:01.741 [DEBU] {f0a1e3b069a4d6176191ec248d884a0d} [  6 ms] [default] [gfast] [rows:15 ] SHOW TABLES
2024-06-07 14:18:01.749 [DEBU] {f0a1e3b069a4d6176191ec248d884a0d} [  4 ms] [default] [gfast] [rows:21 ] SHOW FULL COLUMNS FROM `sys_user`
2024-06-07 14:18:01.752 [DEBU] {f0a1e3b069a4d6176191ec248d884a0d} [  2 ms] [default] [gfast] [rows:1  ] SELECT `id`,`user_name`,`user_nickname`,`user_password`,`user_salt`,`user_status`,`is_admin`,`avatar`,`dept_id` FROM `sys_user` WHERE (`user_name`='admin') AND `deleted_at` IS NULL LIMIT 1
2024-06-07 14:18:01.756 [DEBU] {f0a1e3b069a4d6176191ec248d884a0d} [  4 ms] [default] [gfast] [rows:1  ] UPDATE `sys_user` SET `last_login_ip`='::1',`last_login_time`='2024-06-07 14:18:01' WHERE `id`=1
2024-06-07 14:18:01.761 [DEBU] {74e23bb269a4d6176291ec24cff5cf56} [  4 ms] [default] [gfast] [rows:10 ] SHOW FULL COLUMNS FROM `sys_login_log`
2024-06-07 14:18:01.764 [DEBU] {f0a1e3b069a4d6176191ec248d884a0d} [  2 ms] [default] [gfast] [rows:8  ] SHOW FULL COLUMNS FROM `sys_role`
2024-06-07 14:18:01.765 [DEBU] {f0a1e3b069a4d6176191ec248d884a0d} [  1 ms] [default] [gfast] [rows:6  ] SELECT `id`,`status`,`list_order`,`name`,`remark`,`data_scope`,`created_at`,`updated_at` FROM `sys_role` ORDER BY `list_order` asc,`id` asc
2024-06-07 14:18:01.769 [DEBU] {f0a1e3b069a4d6176191ec248d884a0d} [  2 ms] [default] [gfast] [rows:7  ] SHOW FULL COLUMNS FROM `casbin_rule`
2024-06-07 14:18:01.770 [DEBU] {f0a1e3b069a4d6176191ec248d884a0d} [  1 ms] [default] [gfast] [rows:30 ] SELECT `ptype`,`v0`,`v1`,`v2`,`v3`,`v4`,`v5` FROM `casbin_rule`
2024-06-07 14:18:01.770 [DEBU] {74e23bb269a4d6176291ec24cff5cf56} [  5 ms] [default] [gfast] [rows:1  ] INSERT INTO `sys_login_log`(`login_name`,`ipaddr`,`login_location`,`browser`,`os`,`status`,`msg`,`login_time`,`module`) VALUES('admin','::1','内网IP','Chrome','Windows 10',1,'登录成功','2024-06-07 14:18:01','系统后台') 
2024-06-07 14:18:01.775 [DEBU] {f0a1e3b069a4d6176191ec248d884a0d} [  4 ms] [default] [gfast] [rows:22 ] SHOW FULL COLUMNS FROM `sys_auth_rule`
2024-06-07 14:18:01.778 [DEBU] {f0a1e3b069a4d6176191ec248d884a0d} [  2 ms] [default] [gfast] [rows:32 ] SELECT `id`,`pid`,`name`,`title`,`icon`,`condition`,`remark`,`menu_type`,`weigh`,`is_hide`,`is_cached`,`is_affix`,`path`,`redirect`,`component`,`is_iframe`,`is_link`,`link_url` FROM `sys_auth_rule` ORDER BY `weigh` desc,`id` asc
2024-06-07 14:18:01.782 [DEBU] {1433a4b369a4d6176391ec2454345429} [  1 ms] [default] [gfast] [rows:8  ] SHOW FULL COLUMNS FROM `sys_user_online`
2024-06-07 14:18:01.784 [DEBU] {1433a4b369a4d6176391ec2454345429} [  1 ms] [default] [gfast] [rows:0  ] SELECT `id` FROM `sys_user_online` WHERE `token`='5rrLCPtzPM4tnvlHq+0iav2BDmIrd9QCru7zhgXMkReVei7c8eQQV+wuRh/Z6+4lXow0buCycEjfpeX5HX5TCm/qwfxHFRXQaSOUFbKvPuxCR3xt0ZAvRJwKnrb0XDBe8YUzWJqI38qOrAIeU2/nmg==' LIMIT 1
2024-06-07 14:18:01.787 [DEBU] {1433a4b369a4d6176391ec2454345429} [  2 ms] [default] [gfast] [rows:1  ] INSERT INTO `sys_user_online`(`uuid`,`token`,`create_time`,`user_name`,`ip`,`explorer`,`os`) VALUES('f61da5d9c38e6f98f08803a8f5e7e7c3','5rrLCPtzPM4tnvlHq+0iav2BDmIrd9QCru7zhgXMkReVei7c8eQQV+wuRh/Z6+4lXow0buCycEjfpeX5HX5TCm/qwfxHFRXQaSOUFbKvPuxCR3xt0ZAvRJwKnrb0XDBe8YUzWJqI38qOrAIeU2/nmg==','2024-06-07 14:18:01','admin','::1','Chrome','Windows 10') 
2024-06-07 14:18:06.636 [DEBU] {705ee6d46aa4d6176591ec24bde265ba} [  1 ms] [default] [gfast] [rows:9  ] SHOW FULL COLUMNS FROM `sys_dict_type`
2024-06-07 14:18:06.637 [DEBU] {705ee6d46aa4d6176591ec24bde265ba} [  1 ms] [default] [gfast] [rows:1  ] SELECT COUNT(1) FROM `sys_dict_type`
2024-06-07 14:18:06.638 [DEBU] {705ee6d46aa4d6176591ec24bde265ba} [  1 ms] [default] [gfast] [rows:10 ] SELECT `dict_id`,`dict_name`,`dict_type`,`status`,`remark`,`created_at` FROM `sys_dict_type` ORDER BY `dict_id` asc LIMIT 0,10
2024-06-07 14:18:06.644 [DEBU] {48d24ed56aa4d6176691ec244024ac0c} [  4 ms] [default] [gfast] [rows:14 ] SHOW FULL COLUMNS FROM `sys_dept`
2024-06-07 14:18:06.645 [DEBU] {48d24ed56aa4d6176691ec244024ac0c} [  1 ms] [default] [gfast] [rows:14 ] SELECT `dept_id`,`parent_id`,`ancestors`,`dept_name`,`order_num`,`leader`,`phone`,`email`,`status`,`created_by`,`updated_by`,`created_at`,`updated_at`,`deleted_at` FROM `sys_dept` WHERE `deleted_at` IS NULL
2024-06-07 14:18:06.650 [DEBU] {48d24ed56aa4d6176691ec244024ac0c} [  3 ms] [default] [gfast] [rows:14 ] SHOW FULL COLUMNS FROM `sys_oper_log`
2024-06-07 14:18:06.654 [DEBU] {48d24ed56aa4d6176691ec244024ac0c} [  4 ms] [default] [gfast] [rows:1  ] INSERT INTO `sys_oper_log`(`title`,`method`,`request_method`,`operator_type`,`oper_name`,`dept_name`,`oper_url`,`oper_ip`,`oper_location`,`oper_param`,`oper_time`) VALUES('字典管理','/api/v1/system/dict/type/list','GET',1,'admin','深圳总公司','/api/v1/system/dict/type/list?pageNum=1&pageSize=10&dictName=&dictType=&status=','::1','内网IP','{"dictName":"","dictType":"","pageNum":"1","pageSize":"10","status":""}','2024-06-07 14:18:06') 
2024-06-07 14:18:08.400 [DEBU] {2cd3323e6ba4d6176891ec24f1e04daa} [  0 ms] [default] [gfast] [rows:1  ] SELECT COUNT(1) FROM `sys_dict_type`
2024-06-07 14:18:08.401 [DEBU] {2cd3323e6ba4d6176891ec24f1e04daa} [  0 ms] [default] [gfast] [rows:4  ] SELECT `dict_id`,`dict_name`,`dict_type`,`status`,`remark`,`created_at` FROM `sys_dict_type` ORDER BY `dict_id` asc LIMIT 20,10
2024-06-07 14:18:08.415 [DEBU] {e8d4603e6ba4d6176991ec2423170519} [ 11 ms] [default] [gfast] [rows:1  ] INSERT INTO `sys_oper_log`(`title`,`method`,`request_method`,`operator_type`,`oper_name`,`dept_name`,`oper_url`,`oper_ip`,`oper_location`,`oper_param`,`oper_time`) VALUES('字典管理','/api/v1/system/dict/type/list','GET',1,'admin','深圳总公司','/api/v1/system/dict/type/list?pageNum=3&pageSize=10&dictName=&dictType=&status=','::1','内网IP','{"dictName":"","dictType":"","pageNum":"3","pageSize":"10","status":""}','2024-06-07 14:18:08') 
2024-06-07 14:18:10.830 [DEBU] {603af2ce6ba4d6176c91ec246778ed88} [  1 ms] [default] [gfast] [rows:1  ] SELECT `dict_name`,`remark` FROM `sys_dict_type` WHERE (`dict_type`='sys_show_hide') AND (`status`=1) LIMIT 1
2024-06-07 14:18:10.832 [DEBU] {603af2ce6ba4d6176d91ec2474d05080} [  3 ms] [default] [gfast] [rows:32 ] SELECT `id`,`pid`,`name`,`title`,`icon`,`condition`,`remark`,`menu_type`,`weigh`,`is_hide`,`is_cached`,`is_affix`,`path`,`redirect`,`component`,`is_iframe`,`is_link`,`link_url` FROM `sys_auth_rule` ORDER BY `weigh` desc,`id` asc
2024-06-07 14:18:10.834 [DEBU] {603af2ce6ba4d6176c91ec246778ed88} [  4 ms] [default] [gfast] [rows:14 ] SHOW FULL COLUMNS FROM `sys_dict_data`
2024-06-07 14:18:10.836 [DEBU] {603af2ce6ba4d6176c91ec246778ed88} [  1 ms] [default] [gfast] [rows:2  ] SELECT `dict_value`,`dict_label`,`is_default`,`remark` FROM `sys_dict_data` WHERE (`dict_type`='sys_show_hide') AND (`status`=1) ORDER BY `dict_sort` asc,`dict_code` asc
2024-06-07 14:18:10.842 [DEBU] {84d78acf6ba4d6176e91ec244d7ada6a} [  3 ms] [default] [gfast] [rows:1  ] INSERT INTO `sys_oper_log`(`title`,`method`,`request_method`,`operator_type`,`oper_name`,`dept_name`,`oper_url`,`oper_ip`,`oper_location`,`oper_param`,`oper_time`) VALUES('','/api/v1/system/dict/data/getDictData','GET',1,'admin','深圳总公司','/api/v1/system/dict/data/getDictData?dictType=sys_show_hide&defaultValue=','::1','内网IP','{"defaultValue":"","dictType":"sys_show_hide"}','2024-06-07 14:18:10') 
2024-06-07 14:18:10.844 [DEBU] {84d78acf6ba4d6176f91ec244b4aff31} [  5 ms] [default] [gfast] [rows:1  ] INSERT INTO `sys_oper_log`(`title`,`method`,`request_method`,`operator_type`,`oper_name`,`dept_name`,`oper_url`,`oper_ip`,`oper_location`,`oper_param`,`oper_time`) VALUES('','/api/v1/system/menu/list','GET',1,'admin','深圳总公司','/api/v1/system/menu/list?title=&component=','::1','内网IP','{"component":"","title":""}','2024-06-07 14:18:10') 
2024-06-07 14:18:12.711 [DEBU] {f060a83e6ca4d6177291ec243ffc3ec4} [  7 ms] [default] [gfast] [rows:1  ] INSERT INTO `sys_oper_log`(`title`,`method`,`request_method`,`operator_type`,`oper_name`,`dept_name`,`oper_url`,`oper_ip`,`oper_location`,`oper_param`,`oper_time`) VALUES('部门管理','/api/v1/system/dept/list','GET',1,'admin','深圳总公司','/api/v1/system/dept/list?pageNum=1&pageSize=10&deptName=&status=','::1','内网IP','{"deptName":"","pageNum":"1","pageSize":"10","status":""}','2024-06-07 14:18:12') 
2024-06-07 14:18:15.218 [DEBU] {a8085dd46ca4d6177491ec2499a796ad} [  3 ms] [default] [gfast] [rows:11 ] SHOW FULL COLUMNS FROM `sys_post`
2024-06-07 14:18:15.222 [DEBU] {a8085dd46ca4d6177491ec2499a796ad} [  1 ms] [default] [gfast] [rows:1  ] SELECT COUNT(1) FROM `sys_post` WHERE `deleted_at` IS NULL
2024-06-07 14:18:15.225 [DEBU] {a8085dd46ca4d6177491ec2499a796ad} [  1 ms] [default] [gfast] [rows:5  ] SELECT `post_id`,`post_code`,`post_name`,`post_sort`,`status`,`remark`,`created_by`,`updated_by`,`created_at`,`updated_at`,`deleted_at` FROM `sys_post` WHERE `deleted_at` IS NULL ORDER BY `post_sort` asc,`post_id` asc LIMIT 0,10
2024-06-07 14:18:15.231 [DEBU] {c4f629d56ca4d6177591ec242c32f7a1} [  2 ms] [default] [gfast] [rows:1  ] INSERT INTO `sys_oper_log`(`title`,`method`,`request_method`,`operator_type`,`oper_name`,`dept_name`,`oper_url`,`oper_ip`,`oper_location`,`oper_param`,`oper_time`) VALUES('岗位管理','/api/v1/system/post/list','GET',1,'admin','深圳总公司','/api/v1/system/post/list?postName=&status=&postCode=&pageNum=1&pageSize=10','::1','内网IP','{"pageNum":"1","pageSize":"10","postCode":"","postName":"","status":""}','2024-06-07 14:18:15') 
2024-06-07 14:18:21.153 [DEBU] {14191e366ea4d6177a91ec2493e3ba7a} [  4 ms] [default] [gfast] [rows:1  ] SELECT `dict_name`,`remark` FROM `sys_dict_type` WHERE (`dict_type`='sys_user_sex') AND (`status`=1) LIMIT 1
2024-06-07 14:18:21.154 [DEBU] {d8e861366ea4d6177d91ec24a529670c} [  0 ms] [default] [gfast] [rows:1  ] SELECT COUNT(1) FROM `sys_user` WHERE `deleted_at` IS NULL
2024-06-07 14:18:21.155 [DEBU] {14191e366ea4d6177a91ec2493e3ba7a} [  1 ms] [default] [gfast] [rows:3  ] SELECT `dict_value`,`dict_label`,`is_default`,`remark` FROM `sys_dict_data` WHERE (`dict_type`='sys_user_sex') AND (`status`=1) ORDER BY `dict_sort` asc,`dict_code` asc
2024-06-07 14:18:21.158 [DEBU] {d8e861366ea4d6177b91ec24cca43d38} [  1 ms] [default] [gfast] [rows:4  ] SELECT `post_id`,`post_code`,`post_name`,`post_sort`,`status`,`remark`,`created_by`,`updated_by`,`created_at`,`updated_at`,`deleted_at` FROM `sys_post` WHERE (`status`=1) AND `deleted_at` IS NULL ORDER BY `post_sort` ASC,`post_id` ASC
2024-06-07 14:18:21.159 [DEBU] {d8e861366ea4d6177d91ec24a529670c} [  4 ms] [default] [gfast] [rows:10 ] SELECT `id`,`user_name`,`mobile`,`user_nickname`,`birthday`,`user_status`,`user_email`,`sex`,`avatar`,`dept_id`,`remark`,`is_admin`,`address`,`describe`,`last_login_ip`,`last_login_time`,`created_at`,`updated_at`,`deleted_at` FROM `sys_user` WHERE `deleted_at` IS NULL ORDER BY `id` asc LIMIT 0,10
2024-06-07 14:18:21.175 [DEBU] {fc97de366ea4d6177e91ec244f761e28} [ 12 ms] [default] [gfast] [rows:1  ] INSERT INTO `sys_oper_log`(`title`,`method`,`request_method`,`operator_type`,`oper_name`,`dept_name`,`oper_url`,`oper_ip`,`oper_location`,`oper_param`,`oper_time`) VALUES('','/api/v1/system/dict/data/getDictData','GET',1,'admin','深圳总公司','/api/v1/system/dict/data/getDictData?dictType=sys_user_sex&defaultValue=','::1','内网IP','{"defaultValue":"","dictType":"sys_user_sex"}','2024-06-07 14:18:21') 
2024-06-07 14:18:21.176 [DEBU] {4c251a376ea4d6178191ec24f93f286c} [  9 ms] [default] [gfast] [rows:1  ] INSERT INTO `sys_oper_log`(`title`,`method`,`request_method`,`operator_type`,`oper_name`,`dept_name`,`oper_url`,`oper_ip`,`oper_location`,`oper_param`,`oper_time`) VALUES('用户管理','/api/v1/system/user/list','GET',1,'admin','深圳总公司','/api/v1/system/user/list?pageNum=1&pageSize=10&deptId=&mobile=&status=&keyWords=','::1','内网IP','{"deptId":"","keyWords":"","mobile":"","pageNum":"1","pageSize":"10","status":""}','2024-06-07 14:18:21') 
2024-06-07 14:18:21.176 [DEBU] {e4d1ee366ea4d6178091ec245439dd48} [ 12 ms] [default] [gfast] [rows:1  ] INSERT INTO `sys_oper_log`(`title`,`method`,`request_method`,`operator_type`,`oper_name`,`dept_name`,`oper_url`,`oper_ip`,`oper_location`,`oper_param`,`oper_time`) VALUES('','/api/v1/system/dept/treeSelect','GET',1,'admin','深圳总公司','/api/v1/system/dept/treeSelect','::1','内网IP','{}','2024-06-07 14:18:21') 
2024-06-07 14:18:21.176 [DEBU] {e4d1ee366ea4d6177f91ec2498b2b37f} [ 11 ms] [default] [gfast] [rows:1  ] INSERT INTO `sys_oper_log`(`title`,`method`,`request_method`,`operator_type`,`oper_name`,`dept_name`,`oper_url`,`oper_ip`,`oper_location`,`oper_param`,`oper_time`) VALUES('','/api/v1/system/user/params','GET',1,'admin','深圳总公司','/api/v1/system/user/params','::1','内网IP','{}','2024-06-07 14:18:21') 
2024-06-07 15:45:42.457 [DEBU] {f004f68b32a9d617854b4f0d46ad5caa} [  6 ms] [default] [gfast] [rows:15 ] SHOW TABLES
2024-06-07 15:45:42.462 [DEBU] {f004f68b32a9d617854b4f0d46ad5caa} [  4 ms] [default] [gfast] [rows:21 ] SHOW FULL COLUMNS FROM `sys_user`
2024-06-07 15:45:42.463 [DEBU] {f004f68b32a9d617854b4f0d46ad5caa} [  1 ms] [default] [gfast] [rows:1  ] SELECT `id`,`user_name`,`user_nickname`,`user_password`,`user_salt`,`user_status`,`is_admin`,`avatar`,`dept_id` FROM `sys_user` WHERE (`user_name`='admin') AND `deleted_at` IS NULL LIMIT 1
2024-06-07 15:45:42.466 [DEBU] {f004f68b32a9d617854b4f0d46ad5caa} [  2 ms] [default] [gfast] [rows:1  ] UPDATE `sys_user` SET `last_login_ip`='::1',`last_login_time`='2024-06-07 15:45:42' WHERE `id`=1
2024-06-07 15:45:42.469 [DEBU] {18d9f88c32a9d617864b4f0d29268afc} [  2 ms] [default] [gfast] [rows:10 ] SHOW FULL COLUMNS FROM `sys_login_log`
2024-06-07 15:45:42.472 [DEBU] {f004f68b32a9d617854b4f0d46ad5caa} [  3 ms] [default] [gfast] [rows:8  ] SHOW FULL COLUMNS FROM `sys_role`
2024-06-07 15:45:42.473 [DEBU] {f004f68b32a9d617854b4f0d46ad5caa} [  0 ms] [default] [gfast] [rows:6  ] SELECT `id`,`status`,`list_order`,`name`,`remark`,`data_scope`,`created_at`,`updated_at` FROM `sys_role` ORDER BY `list_order` asc,`id` asc
2024-06-07 15:45:42.476 [DEBU] {18d9f88c32a9d617864b4f0d29268afc} [  3 ms] [default] [gfast] [rows:1  ] INSERT INTO `sys_login_log`(`login_name`,`ipaddr`,`login_location`,`browser`,`os`,`status`,`msg`,`login_time`,`module`) VALUES('admin','::1','内网IP','Chrome','Windows 10',1,'登录成功','2024-06-07 15:45:42','系统后台') 
2024-06-07 15:45:42.477 [DEBU] {f004f68b32a9d617854b4f0d46ad5caa} [  3 ms] [default] [gfast] [rows:7  ] SHOW FULL COLUMNS FROM `casbin_rule`
2024-06-07 15:45:42.477 [DEBU] {f004f68b32a9d617854b4f0d46ad5caa} [  0 ms] [default] [gfast] [rows:30 ] SELECT `ptype`,`v0`,`v1`,`v2`,`v3`,`v4`,`v5` FROM `casbin_rule`
2024-06-07 15:45:42.481 [DEBU] {f004f68b32a9d617854b4f0d46ad5caa} [  3 ms] [default] [gfast] [rows:22 ] SHOW FULL COLUMNS FROM `sys_auth_rule`
2024-06-07 15:45:42.483 [DEBU] {f004f68b32a9d617854b4f0d46ad5caa} [  2 ms] [default] [gfast] [rows:32 ] SELECT `id`,`pid`,`name`,`title`,`icon`,`condition`,`remark`,`menu_type`,`weigh`,`is_hide`,`is_cached`,`is_affix`,`path`,`redirect`,`component`,`is_iframe`,`is_link`,`link_url` FROM `sys_auth_rule` ORDER BY `weigh` desc,`id` asc
2024-06-07 15:45:42.489 [DEBU] {a0c0238e32a9d617874b4f0de34939dc} [  3 ms] [default] [gfast] [rows:8  ] SHOW FULL COLUMNS FROM `sys_user_online`
2024-06-07 15:45:42.490 [DEBU] {a0c0238e32a9d617874b4f0de34939dc} [  1 ms] [default] [gfast] [rows:0  ] SELECT `id` FROM `sys_user_online` WHERE `token`='5rrLCPtzPM4tnvlHq+0iav2BDmIrd9QCru7zhgXMkReVei7c8eQQV+wuRh/Z6+4lXow0buCycEjfpeX5HX5TCo1d9RiI4KYviW1ndMMMANyIuI6fo1QUNL1jLJcn37PNWLbCdLacXMaIJBMFa3u8Iw==' LIMIT 1
2024-06-07 15:45:42.493 [DEBU] {a0c0238e32a9d617874b4f0de34939dc} [  2 ms] [default] [gfast] [rows:1  ] INSERT INTO `sys_user_online`(`uuid`,`token`,`create_time`,`user_name`,`ip`,`explorer`,`os`) VALUES('5c3e2af8d804a2e67163df5dfc14f834','5rrLCPtzPM4tnvlHq+0iav2BDmIrd9QCru7zhgXMkReVei7c8eQQV+wuRh/Z6+4lXow0buCycEjfpeX5HX5TCo1d9RiI4KYviW1ndMMMANyIuI6fo1QUNL1jLJcn37PNWLbCdLacXMaIJBMFa3u8Iw==','2024-06-07 15:45:42','admin','::1','Chrome','Windows 10') 
2024-06-07 15:45:45.575 [DEBU] {e85e0c4633a9d617884b4f0d2afa2903} [  3 ms] [default] [gfast] [rows:9  ] SHOW FULL COLUMNS FROM `sys_dict_type`
2024-06-07 15:45:45.576 [DEBU] {e85e0c4633a9d617884b4f0d2afa2903} [  1 ms] [default] [gfast] [rows:1  ] SELECT COUNT(1) FROM `sys_dict_type`
2024-06-07 15:45:45.577 [DEBU] {e85e0c4633a9d617884b4f0d2afa2903} [  0 ms] [default] [gfast] [rows:10 ] SELECT `dict_id`,`dict_name`,`dict_type`,`status`,`remark`,`created_at` FROM `sys_dict_type` ORDER BY `dict_id` asc LIMIT 0,10
2024-06-07 15:45:45.582 [DEBU] {946a814633a9d617894b4f0d2f52a261} [  3 ms] [default] [gfast] [rows:14 ] SHOW FULL COLUMNS FROM `sys_dept`
2024-06-07 15:45:45.584 [DEBU] {946a814633a9d617894b4f0d2f52a261} [  1 ms] [default] [gfast] [rows:14 ] SELECT `dept_id`,`parent_id`,`ancestors`,`dept_name`,`order_num`,`leader`,`phone`,`email`,`status`,`created_by`,`updated_by`,`created_at`,`updated_at`,`deleted_at` FROM `sys_dept` WHERE `deleted_at` IS NULL
2024-06-07 15:45:45.588 [DEBU] {946a814633a9d617894b4f0d2f52a261} [  2 ms] [default] [gfast] [rows:14 ] SHOW FULL COLUMNS FROM `sys_oper_log`
2024-06-07 15:45:45.593 [DEBU] {946a814633a9d617894b4f0d2f52a261} [  3 ms] [default] [gfast] [rows:1  ] INSERT INTO `sys_oper_log`(`title`,`method`,`request_method`,`operator_type`,`oper_name`,`dept_name`,`oper_url`,`oper_ip`,`oper_location`,`oper_param`,`oper_time`) VALUES('字典管理','/api/v1/system/dict/type/list','GET',1,'admin','深圳总公司','/api/v1/system/dict/type/list?pageNum=1&pageSize=10&dictName=&dictType=&status=','::1','内网IP','{"dictName":"","dictType":"","pageNum":"1","pageSize":"10","status":""}','2024-06-07 15:45:45') 
2024-06-07 15:45:55.361 [DEBU] {d839618d35a9d6178c4b4f0d002818d3} [  2 ms] [default] [gfast] [rows:1  ] INSERT INTO `sys_oper_log`(`title`,`method`,`request_method`,`operator_type`,`oper_name`,`dept_name`,`oper_url`,`oper_ip`,`oper_location`,`oper_param`,`oper_time`) VALUES('服务监控','/api/v1/system/monitor/server','GET',1,'admin','深圳总公司','/api/v1/system/monitor/server','::1','内网IP','{}','2024-06-07 15:45:55') 
2024-06-07 15:45:56.022 [DEBU] {340fdbb435a9d6178f4b4f0d72b30a75} [  1 ms] [default] [gfast] [rows:1  ] SELECT `dict_name`,`remark` FROM `sys_dict_type` WHERE (`dict_type`='admin_login_status') AND (`status`=1) LIMIT 1
2024-06-07 15:45:56.022 [DEBU] {d8cce2b435a9d617904b4f0db2a12037} [  0 ms] [default] [gfast] [rows:1  ] SELECT COUNT(1) FROM `sys_login_log`
2024-06-07 15:45:56.024 [DEBU] {340fdbb435a9d6178f4b4f0d72b30a75} [  2 ms] [default] [gfast] [rows:14 ] SHOW FULL COLUMNS FROM `sys_dict_data`
2024-06-07 15:45:56.025 [DEBU] {d8cce2b435a9d617904b4f0db2a12037} [  0 ms] [default] [gfast] [rows:5  ] SELECT `info_id`,`login_name`,`ipaddr`,`login_location`,`browser`,`os`,`status`,`msg`,`login_time`,`module` FROM `sys_login_log` ORDER BY `info_id` DESC LIMIT 0,10
2024-06-07 15:45:56.026 [DEBU] {340fdbb435a9d6178f4b4f0d72b30a75} [  1 ms] [default] [gfast] [rows:2  ] SELECT `dict_value`,`dict_label`,`is_default`,`remark` FROM `sys_dict_data` WHERE (`dict_type`='admin_login_status') AND (`status`=1) ORDER BY `dict_sort` asc,`dict_code` asc
2024-06-07 15:45:56.042 [DEBU] {4c3759b535a9d617914b4f0da2cff87b} [ 11 ms] [default] [gfast] [rows:1  ] INSERT INTO `sys_oper_log`(`title`,`method`,`request_method`,`operator_type`,`oper_name`,`dept_name`,`oper_url`,`oper_ip`,`oper_location`,`oper_param`,`oper_time`) VALUES('登录日志','/api/v1/system/loginLog/list','GET',1,'admin','深圳总公司','/api/v1/system/loginLog/list?pageNum=1&pageSize=10&status=&ipaddr=&loginLocation=&userName=','::1','内网IP','{"ipaddr":"","loginLocation":"","pageNum":"1","pageSize":"10","status":"","userName":""}','2024-06-07 15:45:56') 
2024-06-07 15:45:56.043 [DEBU] {5c6d63b535a9d617924b4f0da1cd57c2} [ 12 ms] [default] [gfast] [rows:1  ] INSERT INTO `sys_oper_log`(`title`,`method`,`request_method`,`operator_type`,`oper_name`,`dept_name`,`oper_url`,`oper_ip`,`oper_location`,`oper_param`,`oper_time`) VALUES('','/api/v1/system/dict/data/getDictData','GET',1,'admin','深圳总公司','/api/v1/system/dict/data/getDictData?dictType=admin_login_status&defaultValue=','::1','内网IP','{"defaultValue":"","dictType":"admin_login_status"}','2024-06-07 15:45:56') 
2024-06-07 15:52:00.154 [DEBU] {f03fb37c8aa9d6179d350a444d04e613} [  3 ms] [default] [gfast] [rows:15 ] SHOW TABLES
2024-06-07 15:52:00.156 [DEBU] {f03fb37c8aa9d6179d350a444d04e613} [  1 ms] [default] [gfast] [rows:21 ] SHOW FULL COLUMNS FROM `sys_user`
2024-06-07 15:52:00.158 [DEBU] {f03fb37c8aa9d6179d350a444d04e613} [  2 ms] [default] [gfast] [rows:1  ] SELECT `id`,`user_name`,`user_nickname`,`user_password`,`user_salt`,`user_status`,`is_admin`,`avatar`,`dept_id` FROM `sys_user` WHERE (`user_name`='admin') AND `deleted_at` IS NULL LIMIT 1
2024-06-07 15:52:00.169 [DEBU] {f03fb37c8aa9d6179d350a444d04e613} [ 11 ms] [default] [gfast] [rows:1  ] UPDATE `sys_user` SET `last_login_ip`='::1',`last_login_time`='2024-06-07 15:52:00' WHERE `id`=1
2024-06-07 15:52:00.170 [DEBU] {749dd07d8aa9d6179e350a4472140c6a} [  1 ms] [default] [gfast] [rows:10 ] SHOW FULL COLUMNS FROM `sys_login_log`
2024-06-07 15:52:00.172 [DEBU] {f03fb37c8aa9d6179d350a444d04e613} [  1 ms] [default] [gfast] [rows:8  ] SHOW FULL COLUMNS FROM `sys_role`
2024-06-07 15:52:00.173 [DEBU] {f03fb37c8aa9d6179d350a444d04e613} [  1 ms] [default] [gfast] [rows:6  ] SELECT `id`,`status`,`list_order`,`name`,`remark`,`data_scope`,`created_at`,`updated_at` FROM `sys_role` ORDER BY `list_order` asc,`id` asc
2024-06-07 15:52:00.174 [DEBU] {f03fb37c8aa9d6179d350a444d04e613} [  0 ms] [default] [gfast] [rows:7  ] SHOW FULL COLUMNS FROM `casbin_rule`
2024-06-07 15:52:00.175 [DEBU] {f03fb37c8aa9d6179d350a444d04e613} [  0 ms] [default] [gfast] [rows:30 ] SELECT `ptype`,`v0`,`v1`,`v2`,`v3`,`v4`,`v5` FROM `casbin_rule`
2024-06-07 15:52:00.176 [DEBU] {749dd07d8aa9d6179e350a4472140c6a} [  3 ms] [default] [gfast] [rows:1  ] INSERT INTO `sys_login_log`(`login_name`,`ipaddr`,`login_location`,`browser`,`os`,`status`,`msg`,`login_time`,`module`) VALUES('admin','::1','内网IP','Chrome','Windows 10',1,'登录成功','2024-06-07 15:52:00','系统后台') 
2024-06-07 15:52:00.179 [DEBU] {f03fb37c8aa9d6179d350a444d04e613} [  2 ms] [default] [gfast] [rows:22 ] SHOW FULL COLUMNS FROM `sys_auth_rule`
2024-06-07 15:52:00.181 [DEBU] {f03fb37c8aa9d6179d350a444d04e613} [  1 ms] [default] [gfast] [rows:32 ] SELECT `id`,`pid`,`name`,`title`,`icon`,`condition`,`remark`,`menu_type`,`weigh`,`is_hide`,`is_cached`,`is_affix`,`path`,`redirect`,`component`,`is_iframe`,`is_link`,`link_url` FROM `sys_auth_rule` ORDER BY `weigh` desc,`id` asc
2024-06-07 15:52:00.185 [DEBU] {586baf7e8aa9d6179f350a448fc4fee1} [  1 ms] [default] [gfast] [rows:8  ] SHOW FULL COLUMNS FROM `sys_user_online`
2024-06-07 15:52:00.186 [DEBU] {586baf7e8aa9d6179f350a448fc4fee1} [  0 ms] [default] [gfast] [rows:0  ] SELECT `id` FROM `sys_user_online` WHERE `token`='5rrLCPtzPM4tnvlHq+0iav2BDmIrd9QCru7zhgXMkReVei7c8eQQV+wuRh/Z6+4lXow0buCycEjfpeX5HX5TChx+J8Tt2B5/rjGkE0FP1PREZzaII1Sq1Sbo9uZpDej9BD1/jcvZYgJqcG+mlRzgRw==' LIMIT 1
2024-06-07 15:52:00.188 [DEBU] {586baf7e8aa9d6179f350a448fc4fee1} [  1 ms] [default] [gfast] [rows:1  ] INSERT INTO `sys_user_online`(`uuid`,`token`,`create_time`,`user_name`,`ip`,`explorer`,`os`) VALUES('8bba9d34052ae280ba7e21b59e0c0eb4','5rrLCPtzPM4tnvlHq+0iav2BDmIrd9QCru7zhgXMkReVei7c8eQQV+wuRh/Z6+4lXow0buCycEjfpeX5HX5TChx+J8Tt2B5/rjGkE0FP1PREZzaII1Sq1Sbo9uZpDej9BD1/jcvZYgJqcG+mlRzgRw==','2024-06-07 15:52:00','admin','::1','Chrome','Windows 10') 
2024-06-07 15:52:14.788 [DEBU] {e4e71ee58da9d617a2350a4402f1d0e7} [  1 ms] [default] [gfast] [rows:14 ] SHOW FULL COLUMNS FROM `sys_dept`
2024-06-07 15:52:14.790 [DEBU] {e4e71ee58da9d617a2350a4402f1d0e7} [  1 ms] [default] [gfast] [rows:14 ] SELECT `dept_id`,`parent_id`,`ancestors`,`dept_name`,`order_num`,`leader`,`phone`,`email`,`status`,`created_by`,`updated_by`,`created_at`,`updated_at`,`deleted_at` FROM `sys_dept` WHERE `deleted_at` IS NULL
2024-06-07 15:52:14.793 [DEBU] {e4e71ee58da9d617a2350a4402f1d0e7} [  1 ms] [default] [gfast] [rows:14 ] SHOW FULL COLUMNS FROM `sys_oper_log`
2024-06-07 15:52:14.796 [DEBU] {e4e71ee58da9d617a2350a4402f1d0e7} [  2 ms] [default] [gfast] [rows:1  ] INSERT INTO `sys_oper_log`(`title`,`method`,`request_method`,`operator_type`,`oper_name`,`dept_name`,`oper_url`,`oper_ip`,`oper_location`,`oper_param`,`oper_time`) VALUES('服务监控','/api/v1/system/monitor/server','GET',1,'admin','深圳总公司','/api/v1/system/monitor/server','::1','内网IP','{}','2024-06-07 15:52:14') 
2024-06-07 15:52:19.708 [DEBU] {6849b4098fa9d617a4350a441491f4f5} [ 11 ms] [default] [gfast] [rows:1  ] INSERT INTO `sys_oper_log`(`title`,`method`,`request_method`,`operator_type`,`oper_name`,`dept_name`,`oper_url`,`oper_ip`,`oper_location`,`oper_param`,`oper_time`) VALUES('服务监控','/api/v1/system/monitor/server','GET',1,'admin','深圳总公司','/api/v1/system/monitor/server','::1','内网IP','{}','2024-06-07 15:52:19') 
2024-06-07 15:52:24.188 [DEBU] {5c0b5b1590a9d617a6350a44d587ec31} [  1 ms] [default] [gfast] [rows:9  ] SHOW FULL COLUMNS FROM `sys_dict_type`
2024-06-07 15:52:24.189 [DEBU] {5c0b5b1590a9d617a6350a44d587ec31} [  1 ms] [default] [gfast] [rows:1  ] SELECT COUNT(1) FROM `sys_dict_type`
2024-06-07 15:52:24.189 [DEBU] {5c0b5b1590a9d617a6350a44d587ec31} [  0 ms] [default] [gfast] [rows:10 ] SELECT `dict_id`,`dict_name`,`dict_type`,`status`,`remark`,`created_at` FROM `sys_dict_type` ORDER BY `dict_id` asc LIMIT 0,10
2024-06-07 15:52:24.204 [DEBU] {84b3ad1590a9d617a7350a449e614fbb} [ 11 ms] [default] [gfast] [rows:1  ] INSERT INTO `sys_oper_log`(`title`,`method`,`request_method`,`operator_type`,`oper_name`,`dept_name`,`oper_url`,`oper_ip`,`oper_location`,`oper_param`,`oper_time`) VALUES('字典管理','/api/v1/system/dict/type/list','GET',1,'admin','深圳总公司','/api/v1/system/dict/type/list?pageNum=1&pageSize=10&dictName=&dictType=&status=','::1','内网IP','{"dictName":"","dictType":"","pageNum":"1","pageSize":"10","status":""}','2024-06-07 15:52:24') 
2024-06-07 15:52:24.713 [DEBU] {6c7d823490a9d617a8350a446ccf3f71} [  3 ms] [default] [gfast] [rows:1  ] INSERT INTO `sys_oper_log`(`title`,`method`,`request_method`,`operator_type`,`oper_name`,`dept_name`,`oper_url`,`oper_ip`,`oper_location`,`oper_param`,`oper_time`) VALUES('服务监控','/api/v1/system/monitor/server','GET',1,'admin','深圳总公司','/api/v1/system/monitor/server','::1','内网IP','{}','2024-06-07 15:52:24') 
2024-06-07 15:52:25.484 [DEBU] {8075986290a9d617aa350a44afae7a0e} [  1 ms] [default] [gfast] [rows:1  ] SELECT `dict_name`,`remark` FROM `sys_dict_type` WHERE (`dict_type`='sys_yes_no') AND (`status`=1) LIMIT 1
2024-06-07 15:52:25.486 [DEBU] {8075986290a9d617aa350a44afae7a0e} [  1 ms] [default] [gfast] [rows:14 ] SHOW FULL COLUMNS FROM `sys_dict_data`
2024-06-07 15:52:25.487 [DEBU] {8075986290a9d617aa350a44afae7a0e} [  1 ms] [default] [gfast] [rows:2  ] SELECT `dict_value`,`dict_label`,`is_default`,`remark` FROM `sys_dict_data` WHERE (`dict_type`='sys_yes_no') AND (`status`=1) ORDER BY `dict_sort` asc,`dict_code` asc
2024-06-07 15:52:25.487 [DEBU] {2c3ad26290a9d617ac350a44c23cbc50} [  1 ms] [default] [gfast] [rows:10 ] SHOW FULL COLUMNS FROM `sys_config`
2024-06-07 15:52:25.488 [DEBU] {2c3ad26290a9d617ac350a44c23cbc50} [  0 ms] [default] [gfast] [rows:1  ] SELECT COUNT(1) FROM `sys_config`
2024-06-07 15:52:25.489 [DEBU] {2c3ad26290a9d617ac350a44c23cbc50} [  0 ms] [default] [gfast] [rows:5  ] SELECT `config_id`,`config_name`,`config_key`,`config_value`,`config_type`,`create_by`,`update_by`,`remark`,`created_at`,`updated_at` FROM `sys_config` ORDER BY `config_id` asc LIMIT 0,10
2024-06-07 15:52:25.503 [DEBU] {70c90d6390a9d617ad350a448d559fd7} [ 11 ms] [default] [gfast] [rows:1  ] INSERT INTO `sys_oper_log`(`title`,`method`,`request_method`,`operator_type`,`oper_name`,`dept_name`,`oper_url`,`oper_ip`,`oper_location`,`oper_param`,`oper_time`) VALUES('','/api/v1/system/dict/data/getDictData','GET',1,'admin','深圳总公司','/api/v1/system/dict/data/getDictData?dictType=sys_yes_no&defaultValue=','::1','内网IP','{"defaultValue":"","dictType":"sys_yes_no"}','2024-06-07 15:52:25') 
2024-06-07 15:52:25.504 [DEBU] {7c06426390a9d617ae350a448f453b39} [ 10 ms] [default] [gfast] [rows:1  ] INSERT INTO `sys_oper_log`(`title`,`method`,`request_method`,`operator_type`,`oper_name`,`dept_name`,`oper_url`,`oper_ip`,`oper_location`,`oper_param`,`oper_time`) VALUES('参数管理','/api/v1/system/config/list','GET',1,'admin','深圳总公司','/api/v1/system/config/list?pageNum=1&pageSize=10&configName=&configKey=&configType=','::1','内网IP','{"configKey":"","configName":"","configType":"","pageNum":"1","pageSize":"10"}','2024-06-07 15:52:25') 
2024-06-07 16:11:42.976 [DEBU] {c03b5ee29daad617f253591f2a915b27} [  3 ms] [default] [gfast] [rows:15 ] SHOW TABLES
2024-06-07 16:11:42.979 [DEBU] {c03b5ee29daad617f253591f2a915b27} [  1 ms] [default] [gfast] [rows:21 ] SHOW FULL COLUMNS FROM `sys_user`
2024-06-07 16:11:42.980 [DEBU] {c03b5ee29daad617f253591f2a915b27} [  1 ms] [default] [gfast] [rows:1  ] SELECT `id`,`user_name`,`user_nickname`,`user_password`,`user_salt`,`user_status`,`is_admin`,`avatar`,`dept_id` FROM `sys_user` WHERE (`user_name`='admin') AND `deleted_at` IS NULL LIMIT 1
2024-06-07 16:11:42.992 [DEBU] {c03b5ee29daad617f253591f2a915b27} [ 11 ms] [default] [gfast] [rows:1  ] UPDATE `sys_user` SET `last_login_ip`='::1',`last_login_time`='2024-06-07 16:11:42' WHERE `id`=1
2024-06-07 16:11:42.994 [DEBU] {007d95e39daad617f353591fc537efa0} [  1 ms] [default] [gfast] [rows:10 ] SHOW FULL COLUMNS FROM `sys_login_log`
2024-06-07 16:11:42.996 [DEBU] {c03b5ee29daad617f253591f2a915b27} [  1 ms] [default] [gfast] [rows:8  ] SHOW FULL COLUMNS FROM `sys_role`
2024-06-07 16:11:42.997 [DEBU] {c03b5ee29daad617f253591f2a915b27} [  1 ms] [default] [gfast] [rows:6  ] SELECT `id`,`status`,`list_order`,`name`,`remark`,`data_scope`,`created_at`,`updated_at` FROM `sys_role` ORDER BY `list_order` asc,`id` asc
2024-06-07 16:11:42.998 [DEBU] {c03b5ee29daad617f253591f2a915b27} [  0 ms] [default] [gfast] [rows:7  ] SHOW FULL COLUMNS FROM `casbin_rule`
2024-06-07 16:11:43.000 [DEBU] {c03b5ee29daad617f253591f2a915b27} [  1 ms] [default] [gfast] [rows:30 ] SELECT `ptype`,`v0`,`v1`,`v2`,`v3`,`v4`,`v5` FROM `casbin_rule`
2024-06-07 16:11:43.001 [DEBU] {c03b5ee29daad617f253591f2a915b27} [  1 ms] [default] [gfast] [rows:22 ] SHOW FULL COLUMNS FROM `sys_auth_rule`
2024-06-07 16:11:43.001 [DEBU] {007d95e39daad617f353591fc537efa0} [  5 ms] [default] [gfast] [rows:1  ] INSERT INTO `sys_login_log`(`login_name`,`ipaddr`,`login_location`,`browser`,`os`,`status`,`msg`,`login_time`,`module`) VALUES('admin','::1','内网IP','Chrome','Windows 10',1,'登录成功','2024-06-07 16:11:42','系统后台') 
2024-06-07 16:11:43.002 [DEBU] {c03b5ee29daad617f253591f2a915b27} [  1 ms] [default] [gfast] [rows:32 ] SELECT `id`,`pid`,`name`,`title`,`icon`,`condition`,`remark`,`menu_type`,`weigh`,`is_hide`,`is_cached`,`is_affix`,`path`,`redirect`,`component`,`is_iframe`,`is_link`,`link_url` FROM `sys_auth_rule` ORDER BY `weigh` desc,`id` asc
2024-06-07 16:11:43.008 [DEBU] {04ea5ae49daad617f453591f3bbb9323} [  2 ms] [default] [gfast] [rows:8  ] SHOW FULL COLUMNS FROM `sys_user_online`
2024-06-07 16:11:43.009 [DEBU] {04ea5ae49daad617f453591f3bbb9323} [  1 ms] [default] [gfast] [rows:0  ] SELECT `id` FROM `sys_user_online` WHERE `token`='5rrLCPtzPM4tnvlHq+0iav2BDmIrd9QCru7zhgXMkReVei7c8eQQV+wuRh/Z6+4lXow0buCycEjfpeX5HX5TCgPN8XGnek/2VVuxPyY5QMOvDvRouF3SPqHB/TzFRpSJXeD3FdwrFTIZrrpk4zXGIg==' LIMIT 1
2024-06-07 16:11:43.011 [DEBU] {04ea5ae49daad617f453591f3bbb9323} [  2 ms] [default] [gfast] [rows:1  ] INSERT INTO `sys_user_online`(`uuid`,`token`,`create_time`,`user_name`,`ip`,`explorer`,`os`) VALUES('606c6005d69cdf6d297accedaddda2da','5rrLCPtzPM4tnvlHq+0iav2BDmIrd9QCru7zhgXMkReVei7c8eQQV+wuRh/Z6+4lXow0buCycEjfpeX5HX5TCgPN8XGnek/2VVuxPyY5QMOvDvRouF3SPqHB/TzFRpSJXeD3FdwrFTIZrrpk4zXGIg==','2024-06-07 16:11:43','admin','::1','Chrome','Windows 10') 
2024-06-07 16:11:46.443 [DEBU] {6c7314b19eaad617f553591f447c2aa2} [  2 ms] [default] [gfast] [rows:9  ] SHOW FULL COLUMNS FROM `sys_dict_type`
2024-06-07 16:11:46.444 [DEBU] {6c7314b19eaad617f553591f447c2aa2} [  0 ms] [default] [gfast] [rows:1  ] SELECT COUNT(1) FROM `sys_dict_type`
2024-06-07 16:11:46.445 [DEBU] {6c7314b19eaad617f553591f447c2aa2} [  0 ms] [default] [gfast] [rows:10 ] SELECT `dict_id`,`dict_name`,`dict_type`,`status`,`remark`,`created_at` FROM `sys_dict_type` ORDER BY `dict_id` asc LIMIT 0,10
2024-06-07 16:11:46.450 [DEBU] {0cba8cb19eaad617f653591f0313524f} [  2 ms] [default] [gfast] [rows:14 ] SHOW FULL COLUMNS FROM `sys_dept`
2024-06-07 16:11:46.452 [DEBU] {0cba8cb19eaad617f653591f0313524f} [  1 ms] [default] [gfast] [rows:14 ] SELECT `dept_id`,`parent_id`,`ancestors`,`dept_name`,`order_num`,`leader`,`phone`,`email`,`status`,`created_by`,`updated_by`,`created_at`,`updated_at`,`deleted_at` FROM `sys_dept` WHERE `deleted_at` IS NULL
2024-06-07 16:11:46.455 [DEBU] {0cba8cb19eaad617f653591f0313524f} [  1 ms] [default] [gfast] [rows:14 ] SHOW FULL COLUMNS FROM `sys_oper_log`
2024-06-07 16:11:46.458 [DEBU] {0cba8cb19eaad617f653591f0313524f} [  2 ms] [default] [gfast] [rows:1  ] INSERT INTO `sys_oper_log`(`title`,`method`,`request_method`,`operator_type`,`oper_name`,`dept_name`,`oper_url`,`oper_ip`,`oper_location`,`oper_param`,`oper_time`) VALUES('字典管理','/api/v1/system/dict/type/list','GET',1,'admin','深圳总公司','/api/v1/system/dict/type/list?pageNum=1&pageSize=10&dictName=&dictType=&status=','::1','内网IP','{"dictName":"","dictType":"","pageNum":"1","pageSize":"10","status":""}','2024-06-07 16:11:46') 
2024-06-07 16:11:52.525 [DEBU] {e490a91ba0aad617f853591fdb67c86c} [  1 ms] [default] [gfast] [rows:1  ] SELECT `dict_id`,`dict_name`,`dict_type`,`status`,`create_by`,`update_by`,`remark`,`created_at`,`updated_at` FROM `sys_dict_type` WHERE `dict_id`=1 LIMIT 1
2024-06-07 16:11:52.532 [DEBU] {f893ec1ba0aad617f953591f5ef63af9} [  3 ms] [default] [gfast] [rows:1  ] INSERT INTO `sys_oper_log`(`title`,`method`,`request_method`,`operator_type`,`oper_name`,`dept_name`,`oper_url`,`oper_ip`,`oper_location`,`oper_param`,`oper_time`) VALUES('','/api/v1/system/dict/type/get','GET',1,'admin','深圳总公司','/api/v1/system/dict/type/get?dictId=1','::1','内网IP','{"dictId":"1"}','2024-06-07 16:11:52') 
2024-06-07 16:11:56.616 [DEBU] {983b830fa1aad617fa53591f04bfcb33} [  1 ms] [default] [gfast] [rows:1  ] SELECT `dict_name`,`remark` FROM `sys_dict_type` WHERE (`dict_type`='sys_yes_no') AND (`status`=1) LIMIT 1
2024-06-07 16:11:56.619 [DEBU] {983b830fa1aad617fa53591f04bfcb33} [  2 ms] [default] [gfast] [rows:14 ] SHOW FULL COLUMNS FROM `sys_dict_data`
2024-06-07 16:11:56.622 [DEBU] {704eac0fa1aad617fb53591fab791ab0} [  2 ms] [default] [gfast] [rows:10 ] SHOW FULL COLUMNS FROM `sys_config`
2024-06-07 16:11:56.623 [DEBU] {704eac0fa1aad617fb53591fab791ab0} [  0 ms] [default] [gfast] [rows:1  ] SELECT COUNT(1) FROM `sys_config`
2024-06-07 16:11:56.624 [DEBU] {983b830fa1aad617fa53591f04bfcb33} [  1 ms] [default] [gfast] [rows:2  ] SELECT `dict_value`,`dict_label`,`is_default`,`remark` FROM `sys_dict_data` WHERE (`dict_type`='sys_yes_no') AND (`status`=1) ORDER BY `dict_sort` asc,`dict_code` asc
2024-06-07 16:11:56.624 [DEBU] {704eac0fa1aad617fb53591fab791ab0} [  0 ms] [default] [gfast] [rows:5  ] SELECT `config_id`,`config_name`,`config_key`,`config_value`,`config_type`,`create_by`,`update_by`,`remark`,`created_at`,`updated_at` FROM `sys_config` ORDER BY `config_id` asc LIMIT 0,10
2024-06-07 16:11:56.641 [DEBU] {94845110a1aad617fc53591f110cade9} [ 12 ms] [default] [gfast] [rows:1  ] INSERT INTO `sys_oper_log`(`title`,`method`,`request_method`,`operator_type`,`oper_name`,`dept_name`,`oper_url`,`oper_ip`,`oper_location`,`oper_param`,`oper_time`) VALUES('','/api/v1/system/dict/data/getDictData','GET',1,'admin','深圳总公司','/api/v1/system/dict/data/getDictData?dictType=sys_yes_no&defaultValue=','::1','内网IP','{"defaultValue":"","dictType":"sys_yes_no"}','2024-06-07 16:11:56') 
2024-06-07 16:11:56.641 [DEBU] {4cdf6110a1aad617fd53591f2fa6c6ca} [ 11 ms] [default] [gfast] [rows:1  ] INSERT INTO `sys_oper_log`(`title`,`method`,`request_method`,`operator_type`,`oper_name`,`dept_name`,`oper_url`,`oper_ip`,`oper_location`,`oper_param`,`oper_time`) VALUES('参数管理','/api/v1/system/config/list','GET',1,'admin','深圳总公司','/api/v1/system/config/list?pageNum=1&pageSize=10&configName=&configKey=&configType=','::1','内网IP','{"configKey":"","configName":"","configType":"","pageNum":"1","pageSize":"10"}','2024-06-07 16:11:56') 
2024-06-07 16:11:59.513 [DEBU] {70af2fbca1aad617fe53591f4c38f9e6} [  1 ms] [default] [gfast] [rows:1  ] SELECT COUNT(1) FROM `sys_dict_type`
2024-06-07 16:11:59.514 [DEBU] {70af2fbca1aad617fe53591f4c38f9e6} [  1 ms] [default] [gfast] [rows:10 ] SELECT `dict_id`,`dict_name`,`dict_type`,`status`,`remark`,`created_at` FROM `sys_dict_type` ORDER BY `dict_id` asc LIMIT 0,10
2024-06-07 16:11:59.521 [DEBU] {f8017dbca1aad617ff53591f969570a1} [  4 ms] [default] [gfast] [rows:1  ] INSERT INTO `sys_oper_log`(`title`,`method`,`request_method`,`operator_type`,`oper_name`,`dept_name`,`oper_url`,`oper_ip`,`oper_location`,`oper_param`,`oper_time`) VALUES('字典管理','/api/v1/system/dict/type/list','GET',1,'admin','深圳总公司','/api/v1/system/dict/type/list?pageNum=1&pageSize=10&dictName=&dictType=&status=','::1','内网IP','{"dictName":"","dictType":"","pageNum":"1","pageSize":"10","status":""}','2024-06-07 16:11:59') 
2024-06-07 16:12:01.116 [DEBU] {1450c21ba2aad6170154591fa17aba52} [  0 ms] [default] [gfast] [rows:1  ] SELECT `dict_id`,`dict_name`,`dict_type`,`status`,`create_by`,`update_by`,`remark`,`created_at`,`updated_at` FROM `sys_dict_type` WHERE `dict_id`=2 LIMIT 1
2024-06-07 16:12:01.132 [DEBU] {9000091ca2aad6170254591f7529b928} [ 11 ms] [default] [gfast] [rows:1  ] INSERT INTO `sys_oper_log`(`title`,`method`,`request_method`,`operator_type`,`oper_name`,`dept_name`,`oper_url`,`oper_ip`,`oper_location`,`oper_param`,`oper_time`) VALUES('','/api/v1/system/dict/type/get','GET',1,'admin','深圳总公司','/api/v1/system/dict/type/get?dictId=2','::1','内网IP','{"dictId":"2"}','2024-06-07 16:12:01') 
2024-06-07 16:12:10.586 [DEBU] {a0954150a4aad6170454591f5f6d6b91} [  0 ms] [default] [gfast] [rows:1  ] SELECT COUNT(1) FROM `sys_dict_type`
2024-06-07 16:12:10.587 [DEBU] {a0954150a4aad6170454591f5f6d6b91} [  0 ms] [default] [gfast] [rows:10 ] SELECT `dict_id`,`dict_name`,`dict_type`,`status`,`remark`,`created_at` FROM `sys_dict_type` ORDER BY `dict_id` asc LIMIT 10,10
2024-06-07 16:12:10.602 [DEBU] {7c098350a4aad6170554591f258cba68} [ 11 ms] [default] [gfast] [rows:1  ] INSERT INTO `sys_oper_log`(`title`,`method`,`request_method`,`operator_type`,`oper_name`,`dept_name`,`oper_url`,`oper_ip`,`oper_location`,`oper_param`,`oper_time`) VALUES('字典管理','/api/v1/system/dict/type/list','GET',1,'admin','深圳总公司','/api/v1/system/dict/type/list?pageNum=2&pageSize=10&dictName=&dictType=&status=','::1','内网IP','{"dictName":"","dictType":"","pageNum":"2","pageSize":"10","status":""}','2024-06-07 16:12:10') 
2024-06-07 16:12:28.270 [DEBU] {f8cbe66da8aad6170754591fe75d356e} [  5 ms] [default] [gfast] [rows:1  ] SELECT COUNT(1) FROM `sys_config`
2024-06-07 16:12:28.271 [DEBU] {8447026ea8aad6170854591ff9027854} [  5 ms] [default] [gfast] [rows:1  ] INSERT INTO `sys_oper_log`(`title`,`method`,`request_method`,`operator_type`,`oper_name`,`dept_name`,`oper_url`,`oper_ip`,`oper_location`,`oper_param`,`oper_time`) VALUES('','/api/v1/system/dict/data/getDictData','GET',1,'admin','深圳总公司','/api/v1/system/dict/data/getDictData?dictType=sys_yes_no&defaultValue=','::1','内网IP','{"defaultValue":"","dictType":"sys_yes_no"}','2024-06-07 16:12:28') 
2024-06-07 16:12:28.271 [DEBU] {f8cbe66da8aad6170754591fe75d356e} [  0 ms] [default] [gfast] [rows:5  ] SELECT `config_id`,`config_name`,`config_key`,`config_value`,`config_type`,`create_by`,`update_by`,`remark`,`created_at`,`updated_at` FROM `sys_config` ORDER BY `config_id` asc LIMIT 0,10
2024-06-07 16:12:28.278 [DEBU] {ec329a6ea8aad6170954591f0524def8} [  2 ms] [default] [gfast] [rows:1  ] INSERT INTO `sys_oper_log`(`title`,`method`,`request_method`,`operator_type`,`oper_name`,`dept_name`,`oper_url`,`oper_ip`,`oper_location`,`oper_param`,`oper_time`) VALUES('参数管理','/api/v1/system/config/list','GET',1,'admin','深圳总公司','/api/v1/system/config/list?pageNum=1&pageSize=10&configName=&configKey=&configType=','::1','内网IP','{"configKey":"","configName":"","configType":"","pageNum":"1","pageSize":"10"}','2024-06-07 16:12:28') 
2024-06-07 16:12:30.746 [DEBU] {2ca4c801a9aad6170a54591f35ed2a12} [  1 ms] [default] [gfast] [rows:1  ] SELECT COUNT(1) FROM `sys_dict_type`
2024-06-07 16:12:30.747 [DEBU] {2ca4c801a9aad6170a54591f35ed2a12} [  0 ms] [default] [gfast] [rows:10 ] SELECT `dict_id`,`dict_name`,`dict_type`,`status`,`remark`,`created_at` FROM `sys_dict_type` ORDER BY `dict_id` asc LIMIT 0,10
2024-06-07 16:12:30.762 [DEBU] {c41f1e02a9aad6170b54591fcdcbc3f4} [ 11 ms] [default] [gfast] [rows:1  ] INSERT INTO `sys_oper_log`(`title`,`method`,`request_method`,`operator_type`,`oper_name`,`dept_name`,`oper_url`,`oper_ip`,`oper_location`,`oper_param`,`oper_time`) VALUES('字典管理','/api/v1/system/dict/type/list','GET',1,'admin','深圳总公司','/api/v1/system/dict/type/list?pageNum=1&pageSize=10&dictName=&dictType=&status=','::1','内网IP','{"dictName":"","dictType":"","pageNum":"1","pageSize":"10","status":""}','2024-06-07 16:12:30') 
2024-06-07 16:12:38.567 [DEBU] {18cc03d4aaaad6170c54591fd17a4a30} [  0 ms] [default] [gfast] [rows:1  ] SELECT `dict_id`,`dict_name`,`dict_type`,`status`,`create_by`,`update_by`,`remark`,`created_at`,`updated_at` FROM `sys_dict_type` WHERE `dict_id`=1 LIMIT 1
2024-06-07 16:12:38.572 [DEBU] {d41936d4aaaad6170d54591f17dd3b16} [  2 ms] [default] [gfast] [rows:1  ] INSERT INTO `sys_oper_log`(`title`,`method`,`request_method`,`operator_type`,`oper_name`,`dept_name`,`oper_url`,`oper_ip`,`oper_location`,`oper_param`,`oper_time`) VALUES('','/api/v1/system/dict/type/get','GET',1,'admin','深圳总公司','/api/v1/system/dict/type/get?dictId=1','::1','内网IP','{"dictId":"1"}','2024-06-07 16:12:38') 
2024-06-07 16:12:43.264 [DEBU] {f0cbf4ebabaad6170e54591f38c348ec} [  0 ms] [default] [gfast] [rows:1  ] SELECT COUNT(1) FROM `sys_dict_type`
2024-06-07 16:12:43.265 [DEBU] {f0cbf4ebabaad6170e54591f38c348ec} [  0 ms] [default] [gfast] [rows:10 ] SELECT `dict_id`,`dict_name`,`dict_type`,`status`,`remark`,`created_at` FROM `sys_dict_type` ORDER BY `dict_id` asc LIMIT 10,10
2024-06-07 16:12:43.279 [DEBU] {70d533ecabaad6170f54591f9bd4d771} [ 11 ms] [default] [gfast] [rows:1  ] INSERT INTO `sys_oper_log`(`title`,`method`,`request_method`,`operator_type`,`oper_name`,`dept_name`,`oper_url`,`oper_ip`,`oper_location`,`oper_param`,`oper_time`) VALUES('字典管理','/api/v1/system/dict/type/list','GET',1,'admin','深圳总公司','/api/v1/system/dict/type/list?pageNum=2&pageSize=10&dictName=&dictType=&status=','::1','内网IP','{"dictName":"","dictType":"","pageNum":"2","pageSize":"10","status":""}','2024-06-07 16:12:43') 
2024-06-07 16:12:44.037 [DEBU] {7c5a101aacaad6171054591fbb4a801e} [  0 ms] [default] [gfast] [rows:1  ] SELECT COUNT(1) FROM `sys_dict_type`
2024-06-07 16:12:44.038 [DEBU] {7c5a101aacaad6171054591fbb4a801e} [  0 ms] [default] [gfast] [rows:4  ] SELECT `dict_id`,`dict_name`,`dict_type`,`status`,`remark`,`created_at` FROM `sys_dict_type` ORDER BY `dict_id` asc LIMIT 20,10
2024-06-07 16:12:44.054 [DEBU] {24034c1aacaad6171154591fb612a642} [ 11 ms] [default] [gfast] [rows:1  ] INSERT INTO `sys_oper_log`(`title`,`method`,`request_method`,`operator_type`,`oper_name`,`dept_name`,`oper_url`,`oper_ip`,`oper_location`,`oper_param`,`oper_time`) VALUES('字典管理','/api/v1/system/dict/type/list','GET',1,'admin','深圳总公司','/api/v1/system/dict/type/list?pageNum=3&pageSize=10&dictName=&dictType=&status=','::1','内网IP','{"dictName":"","dictType":"","pageNum":"3","pageSize":"10","status":""}','2024-06-07 16:12:44') 
2024-06-07 16:12:46.252 [DEBU] {e886169eacaad6171254591f18286641} [  1 ms] [default] [gfast] [rows:1  ] SELECT COUNT(1) FROM `sys_dict_type`
2024-06-07 16:12:46.252 [DEBU] {e886169eacaad6171254591f18286641} [  0 ms] [default] [gfast] [rows:10 ] SELECT `dict_id`,`dict_name`,`dict_type`,`status`,`remark`,`created_at` FROM `sys_dict_type` ORDER BY `dict_id` asc LIMIT 0,10
2024-06-07 16:12:46.267 [DEBU] {08974a9eacaad6171354591f63750d78} [ 11 ms] [default] [gfast] [rows:1  ] INSERT INTO `sys_oper_log`(`title`,`method`,`request_method`,`operator_type`,`oper_name`,`dept_name`,`oper_url`,`oper_ip`,`oper_location`,`oper_param`,`oper_time`) VALUES('字典管理','/api/v1/system/dict/type/list','GET',1,'admin','深圳总公司','/api/v1/system/dict/type/list?pageNum=1&pageSize=10&dictName=&dictType=&status=','::1','内网IP','{"dictName":"","dictType":"","pageNum":"1","pageSize":"10","status":""}','2024-06-07 16:12:46') 
2024-06-07 16:13:15.498 [DEBU] {6ca3276db3aad6171454591fc581c763} [  2 ms] [default] [gfast] [rows:1  ] SELECT COUNT(1) FROM `sys_dict_type`
2024-06-07 16:13:15.499 [DEBU] {6ca3276db3aad6171454591fc581c763} [  0 ms] [default] [gfast] [rows:10 ] SELECT `dict_id`,`dict_name`,`dict_type`,`status`,`remark`,`created_at` FROM `sys_dict_type` ORDER BY `dict_id` asc LIMIT 10,10
2024-06-07 16:13:15.514 [DEBU] {a0dc876db3aad6171554591f093a1c9c} [ 12 ms] [default] [gfast] [rows:1  ] INSERT INTO `sys_oper_log`(`title`,`method`,`request_method`,`operator_type`,`oper_name`,`dept_name`,`oper_url`,`oper_ip`,`oper_location`,`oper_param`,`oper_time`) VALUES('字典管理','/api/v1/system/dict/type/list','GET',1,'admin','深圳总公司','/api/v1/system/dict/type/list?pageNum=2&pageSize=10&dictName=&dictType=&status=','::1','内网IP','{"dictName":"","dictType":"","pageNum":"2","pageSize":"10","status":""}','2024-06-07 16:13:15') 
2024-06-07 16:13:16.155 [DEBU] {54407694b3aad6171654591f6b9d4e36} [  0 ms] [default] [gfast] [rows:1  ] SELECT COUNT(1) FROM `sys_dict_type`
2024-06-07 16:13:16.156 [DEBU] {54407694b3aad6171654591f6b9d4e36} [  0 ms] [default] [gfast] [rows:4  ] SELECT `dict_id`,`dict_name`,`dict_type`,`status`,`remark`,`created_at` FROM `sys_dict_type` ORDER BY `dict_id` asc LIMIT 20,10
2024-06-07 16:13:16.171 [DEBU] {804dbf94b3aad6171754591f39675c12} [ 11 ms] [default] [gfast] [rows:1  ] INSERT INTO `sys_oper_log`(`title`,`method`,`request_method`,`operator_type`,`oper_name`,`dept_name`,`oper_url`,`oper_ip`,`oper_location`,`oper_param`,`oper_time`) VALUES('字典管理','/api/v1/system/dict/type/list','GET',1,'admin','深圳总公司','/api/v1/system/dict/type/list?pageNum=3&pageSize=10&dictName=&dictType=&status=','::1','内网IP','{"dictName":"","dictType":"","pageNum":"3","pageSize":"10","status":""}','2024-06-07 16:13:16') 
2024-06-07 16:13:19.708 [DEBU] {047a3a68b4aad6171954591f18242087} [  1 ms] [default] [gfast] [rows:1  ] SELECT `dict_id`,`dict_name`,`dict_type`,`status`,`create_by`,`update_by`,`remark`,`created_at`,`updated_at` FROM `sys_dict_type` WHERE `dict_id`=50 LIMIT 1
2024-06-07 16:13:19.724 [DEBU] {60f66b68b4aad6171a54591f3d72347b} [ 11 ms] [default] [gfast] [rows:1  ] INSERT INTO `sys_oper_log`(`title`,`method`,`request_method`,`operator_type`,`oper_name`,`dept_name`,`oper_url`,`oper_ip`,`oper_location`,`oper_param`,`oper_time`) VALUES('','/api/v1/system/dict/type/get','GET',1,'admin','深圳总公司','/api/v1/system/dict/type/get?dictId=50','::1','内网IP','{"dictId":"50"}','2024-06-07 16:13:19') 
2024-06-07 16:13:24.683 [DEBU] {b45aa390b5aad6171c54591f6b54ffd0} [  2 ms] [default] [gfast] [rows:1  ] INSERT INTO `sys_oper_log`(`title`,`method`,`request_method`,`operator_type`,`oper_name`,`dept_name`,`oper_url`,`oper_ip`,`oper_location`,`oper_param`,`oper_time`) VALUES('','/api/v1/system/dict/data/getDictData','GET',1,'admin','深圳总公司','/api/v1/system/dict/data/getDictData?dictType=sys_yes_no&defaultValue=','::1','内网IP','{"defaultValue":"","dictType":"sys_yes_no"}','2024-06-07 16:13:24') 
2024-06-07 16:13:24.687 [DEBU] {ac08bc90b5aad6171d54591f35fef8a8} [  5 ms] [default] [gfast] [rows:1  ] SELECT COUNT(1) FROM `sys_config`
2024-06-07 16:13:24.687 [DEBU] {ac08bc90b5aad6171d54591f35fef8a8} [  0 ms] [default] [gfast] [rows:5  ] SELECT `config_id`,`config_name`,`config_key`,`config_value`,`config_type`,`create_by`,`update_by`,`remark`,`created_at`,`updated_at` FROM `sys_config` ORDER BY `config_id` asc LIMIT 0,10
2024-06-07 16:13:24.698 [DEBU] {e4644f91b5aad6171e54591f3a85c53e} [  5 ms] [default] [gfast] [rows:1  ] INSERT INTO `sys_oper_log`(`title`,`method`,`request_method`,`operator_type`,`oper_name`,`dept_name`,`oper_url`,`oper_ip`,`oper_location`,`oper_param`,`oper_time`) VALUES('参数管理','/api/v1/system/config/list','GET',1,'admin','深圳总公司','/api/v1/system/config/list?pageNum=1&pageSize=10&configName=&configKey=&configType=','::1','内网IP','{"configKey":"","configName":"","configType":"","pageNum":"1","pageSize":"10"}','2024-06-07 16:13:24') 
2024-06-07 16:13:28.969 [DEBU] {a44b3090b6aad6171f54591f1ba92ae4} [  1 ms] [default] [gfast] [rows:1  ] SELECT COUNT(1) FROM `sys_config`
2024-06-07 16:13:28.969 [DEBU] {a44b3090b6aad6171f54591f1ba92ae4} [  0 ms] [default] [gfast] [rows:5  ] SELECT `config_id`,`config_name`,`config_key`,`config_value`,`config_type`,`create_by`,`update_by`,`remark`,`created_at`,`updated_at` FROM `sys_config` ORDER BY `config_id` asc LIMIT 0,10
2024-06-07 16:13:28.984 [DEBU] {70667190b6aad6172054591ff7d359ee} [ 11 ms] [default] [gfast] [rows:1  ] INSERT INTO `sys_oper_log`(`title`,`method`,`request_method`,`operator_type`,`oper_name`,`dept_name`,`oper_url`,`oper_ip`,`oper_location`,`oper_param`,`oper_time`) VALUES('参数管理','/api/v1/system/config/list','GET',1,'admin','深圳总公司','/api/v1/system/config/list?pageNum=1&pageSize=10&configName=&configKey=&configType=','::1','内网IP','{"configKey":"","configName":"","configType":"","pageNum":"1","pageSize":"10"}','2024-06-07 16:13:28') 
2024-06-07 16:13:34.081 [DEBU] {14c0ddc0b7aad6172254591ff135e78b} [  2 ms] [default] [gfast] [rows:32 ] SELECT `id`,`pid`,`name`,`title`,`icon`,`condition`,`remark`,`menu_type`,`weigh`,`is_hide`,`is_cached`,`is_affix`,`path`,`redirect`,`component`,`is_iframe`,`is_link`,`link_url` FROM `sys_auth_rule` ORDER BY `weigh` desc,`id` asc
2024-06-07 16:13:34.082 [DEBU] {a4c0d9c0b7aad6172154591f929e2d9b} [  3 ms] [default] [gfast] [rows:1  ] SELECT `dict_name`,`remark` FROM `sys_dict_type` WHERE (`dict_type`='sys_show_hide') AND (`status`=1) LIMIT 1
2024-06-07 16:13:34.086 [DEBU] {a4c0d9c0b7aad6172154591f929e2d9b} [  4 ms] [default] [gfast] [rows:2  ] SELECT `dict_value`,`dict_label`,`is_default`,`remark` FROM `sys_dict_data` WHERE (`dict_type`='sys_show_hide') AND (`status`=1) ORDER BY `dict_sort` asc,`dict_code` asc
2024-06-07 16:13:34.091 [DEBU] {fc9362c1b7aad6172354591f79ee92cd} [  2 ms] [default] [gfast] [rows:1  ] INSERT INTO `sys_oper_log`(`title`,`method`,`request_method`,`operator_type`,`oper_name`,`dept_name`,`oper_url`,`oper_ip`,`oper_location`,`oper_param`,`oper_time`) VALUES('','/api/v1/system/dict/data/getDictData','GET',1,'admin','深圳总公司','/api/v1/system/dict/data/getDictData?dictType=sys_show_hide&defaultValue=','::1','内网IP','{"defaultValue":"","dictType":"sys_show_hide"}','2024-06-07 16:13:34') 
2024-06-07 16:13:34.092 [DEBU] {fc9362c1b7aad6172454591f06159a4a} [  2 ms] [default] [gfast] [rows:1  ] INSERT INTO `sys_oper_log`(`title`,`method`,`request_method`,`operator_type`,`oper_name`,`dept_name`,`oper_url`,`oper_ip`,`oper_location`,`oper_param`,`oper_time`) VALUES('','/api/v1/system/menu/list','GET',1,'admin','深圳总公司','/api/v1/system/menu/list?title=&component=','::1','内网IP','{"component":"","title":""}','2024-06-07 16:13:34') 
2024-06-07 16:13:43.604 [DEBU] {f41168f8b9aad6172654591f8bc63808} [  3 ms] [default] [gfast] [rows:1  ] SELECT COUNT(1) FROM `sys_role`
2024-06-07 16:13:43.605 [DEBU] {f41168f8b9aad6172654591f8bc63808} [  1 ms] [default] [gfast] [rows:6  ] SELECT `id`,`status`,`list_order`,`name`,`remark`,`data_scope`,`created_at`,`updated_at` FROM `sys_role` ORDER BY `id` asc LIMIT 0,10
2024-06-07 16:13:43.610 [DEBU] {18c6c6f8b9aad6172754591ff985d70c} [  2 ms] [default] [gfast] [rows:1  ] INSERT INTO `sys_oper_log`(`title`,`method`,`request_method`,`operator_type`,`oper_name`,`dept_name`,`oper_url`,`oper_ip`,`oper_location`,`oper_param`,`oper_time`) VALUES('角色管理','/api/v1/system/role/list','GET',1,'admin','深圳总公司','/api/v1/system/role/list?roleName=&roleStatus=&pageNum=1&pageSize=10','::1','内网IP','{"pageNum":"1","pageSize":"10","roleName":"","roleStatus":""}','2024-06-07 16:13:43') 
2024-06-07 16:13:45.222 [DEBU] {f453d958baaad6172954591fd78c7f6c} [  2 ms] [default] [gfast] [rows:1  ] INSERT INTO `sys_oper_log`(`title`,`method`,`request_method`,`operator_type`,`oper_name`,`dept_name`,`oper_url`,`oper_ip`,`oper_location`,`oper_param`,`oper_time`) VALUES('部门管理','/api/v1/system/dept/list','GET',1,'admin','深圳总公司','/api/v1/system/dept/list?pageNum=1&pageSize=10&deptName=&status=','::1','内网IP','{"deptName":"","pageNum":"1","pageSize":"10","status":""}','2024-06-07 16:13:45') 
2024-06-07 16:13:47.460 [DEBU] {dc2b57debaaad6172a54591fa8186e2e} [  1 ms] [default] [gfast] [rows:1  ] SELECT COUNT(1) FROM `sys_dict_type`
2024-06-07 16:13:47.461 [DEBU] {dc2b57debaaad6172a54591fa8186e2e} [  1 ms] [default] [gfast] [rows:10 ] SELECT `dict_id`,`dict_name`,`dict_type`,`status`,`remark`,`created_at` FROM `sys_dict_type` ORDER BY `dict_id` asc LIMIT 0,10
2024-06-07 16:13:47.475 [DEBU] {dc1c98debaaad6172b54591fb3131d50} [ 11 ms] [default] [gfast] [rows:1  ] INSERT INTO `sys_oper_log`(`title`,`method`,`request_method`,`operator_type`,`oper_name`,`dept_name`,`oper_url`,`oper_ip`,`oper_location`,`oper_param`,`oper_time`) VALUES('字典管理','/api/v1/system/dict/type/list','GET',1,'admin','深圳总公司','/api/v1/system/dict/type/list?pageNum=1&pageSize=10&dictName=&dictType=&status=','::1','内网IP','{"dictName":"","dictType":"","pageNum":"1","pageSize":"10","status":""}','2024-06-07 16:13:47') 
2024-06-07 16:14:12.163 [DEBU] {b06f839ec0aad6172f54591fec9be25a} [  4 ms] [default] [gfast] [rows:1  ] SELECT `id`,`pid`,`name`,`title`,`icon`,`condition`,`remark`,`menu_type`,`weigh`,`is_hide`,`path`,`component`,`is_link`,`module_type`,`model_id`,`is_iframe`,`is_cached`,`redirect`,`is_affix`,`link_url`,`created_at`,`updated_at` FROM `sys_auth_rule` WHERE `id`=27 LIMIT 1
2024-06-07 16:14:12.168 [DEBU] {acb2bc9ec0aad6173054591f4a0b4b1a} [  5 ms] [default] [gfast] [rows:1  ] INSERT INTO `sys_oper_log`(`title`,`method`,`request_method`,`operator_type`,`oper_name`,`dept_name`,`oper_url`,`oper_ip`,`oper_location`,`oper_param`,`oper_time`) VALUES('','/api/v1/system/menu/getParams','GET',1,'admin','深圳总公司','/api/v1/system/menu/getParams','::1','内网IP','{}','2024-06-07 16:14:12') 
2024-06-07 16:14:12.170 [DEBU] {f495f59ec0aad6173154591fc80239ff} [  4 ms] [default] [gfast] [rows:1  ] INSERT INTO `sys_oper_log`(`title`,`method`,`request_method`,`operator_type`,`oper_name`,`dept_name`,`oper_url`,`oper_ip`,`oper_location`,`oper_param`,`oper_time`) VALUES('','/api/v1/system/menu/get','GET',1,'admin','深圳总公司','/api/v1/system/menu/get?id=27','::1','内网IP','{"id":"27"}','2024-06-07 16:14:12') 
2024-06-07 16:14:15.826 [DEBU] {50fcf878c1aad6173354591f4557b14c} [  2 ms] [default] [gfast] [rows:1  ] INSERT INTO `sys_oper_log`(`title`,`method`,`request_method`,`operator_type`,`oper_name`,`dept_name`,`oper_url`,`oper_ip`,`oper_location`,`oper_param`,`oper_time`) VALUES('部门管理','/api/v1/system/dept/list','GET',1,'admin','深圳总公司','/api/v1/system/dept/list?pageNum=1&pageSize=10&deptName=&status=','::1','内网IP','{"deptName":"","pageNum":"1","pageSize":"10","status":""}','2024-06-07 16:14:15') 
2024-06-07 16:14:17.280 [DEBU] {8c1796cfc1aad6173454591fd07112ce} [  3 ms] [default] [gfast] [rows:11 ] SHOW FULL COLUMNS FROM `sys_post`
2024-06-07 16:14:17.281 [DEBU] {8c1796cfc1aad6173454591fd07112ce} [  0 ms] [default] [gfast] [rows:1  ] SELECT COUNT(1) FROM `sys_post` WHERE `deleted_at` IS NULL
2024-06-07 16:14:17.282 [DEBU] {8c1796cfc1aad6173454591fd07112ce} [  0 ms] [default] [gfast] [rows:5  ] SELECT `post_id`,`post_code`,`post_name`,`post_sort`,`status`,`remark`,`created_by`,`updated_by`,`created_at`,`updated_at`,`deleted_at` FROM `sys_post` WHERE `deleted_at` IS NULL ORDER BY `post_sort` asc,`post_id` asc LIMIT 0,10
2024-06-07 16:14:17.289 [DEBU] {f4f837d0c1aad6173554591fbc382c3e} [  2 ms] [default] [gfast] [rows:1  ] INSERT INTO `sys_oper_log`(`title`,`method`,`request_method`,`operator_type`,`oper_name`,`dept_name`,`oper_url`,`oper_ip`,`oper_location`,`oper_param`,`oper_time`) VALUES('岗位管理','/api/v1/system/post/list','GET',1,'admin','深圳总公司','/api/v1/system/post/list?postName=&status=&postCode=&pageNum=1&pageSize=10','::1','内网IP','{"pageNum":"1","pageSize":"10","postCode":"","postName":"","status":""}','2024-06-07 16:14:17') 
2024-06-07 16:14:18.669 [DEBU] {d4ea5e22c2aad6173654591f64861cff} [  4 ms] [default] [gfast] [rows:1  ] SELECT `dict_name`,`remark` FROM `sys_dict_type` WHERE (`dict_type`='sys_user_sex') AND (`status`=1) LIMIT 1
2024-06-07 16:14:18.671 [DEBU] {08188f22c2aad6173954591fe9538652} [  2 ms] [default] [gfast] [rows:1  ] SELECT COUNT(1) FROM `sys_user` WHERE `deleted_at` IS NULL
2024-06-07 16:14:18.672 [DEBU] {d4ea5e22c2aad6173654591f64861cff} [  3 ms] [default] [gfast] [rows:3  ] SELECT `dict_value`,`dict_label`,`is_default`,`remark` FROM `sys_dict_data` WHERE (`dict_type`='sys_user_sex') AND (`status`=1) ORDER BY `dict_sort` asc,`dict_code` asc
2024-06-07 16:14:18.672 [DEBU] {08188f22c2aad6173954591fe9538652} [  1 ms] [default] [gfast] [rows:10 ] SELECT `id`,`user_name`,`mobile`,`user_nickname`,`birthday`,`user_status`,`user_email`,`sex`,`avatar`,`dept_id`,`remark`,`is_admin`,`address`,`describe`,`last_login_ip`,`last_login_time`,`created_at`,`updated_at`,`deleted_at` FROM `sys_user` WHERE `deleted_at` IS NULL ORDER BY `id` asc LIMIT 0,10
2024-06-07 16:14:18.676 [DEBU] {a8b87b22c2aad6173754591f563cfc51} [  4 ms] [default] [gfast] [rows:4  ] SELECT `post_id`,`post_code`,`post_name`,`post_sort`,`status`,`remark`,`created_by`,`updated_by`,`created_at`,`updated_at`,`deleted_at` FROM `sys_post` WHERE (`status`=1) AND `deleted_at` IS NULL ORDER BY `post_sort` ASC,`post_id` ASC
2024-06-07 16:14:18.687 [DEBU] {082ee722c2aad6173a54591f6ae076db} [ 11 ms] [default] [gfast] [rows:1  ] INSERT INTO `sys_oper_log`(`title`,`method`,`request_method`,`operator_type`,`oper_name`,`dept_name`,`oper_url`,`oper_ip`,`oper_location`,`oper_param`,`oper_time`) VALUES('','/api/v1/system/dict/data/getDictData','GET',1,'admin','深圳总公司','/api/v1/system/dict/data/getDictData?dictType=sys_user_sex&defaultValue=','::1','内网IP','{"defaultValue":"","dictType":"sys_user_sex"}','2024-06-07 16:14:18') 
2024-06-07 16:14:18.688 [DEBU] {34f70023c2aad6173b54591f7c2607be} [ 11 ms] [default] [gfast] [rows:1  ] INSERT INTO `sys_oper_log`(`title`,`method`,`request_method`,`operator_type`,`oper_name`,`dept_name`,`oper_url`,`oper_ip`,`oper_location`,`oper_param`,`oper_time`) VALUES('','/api/v1/system/dept/treeSelect','GET',1,'admin','深圳总公司','/api/v1/system/dept/treeSelect','::1','内网IP','{}','2024-06-07 16:14:18') 
2024-06-07 16:14:18.688 [DEBU] {34811c23c2aad6173c54591f82b9fc25} [ 10 ms] [default] [gfast] [rows:1  ] INSERT INTO `sys_oper_log`(`title`,`method`,`request_method`,`operator_type`,`oper_name`,`dept_name`,`oper_url`,`oper_ip`,`oper_location`,`oper_param`,`oper_time`) VALUES('用户管理','/api/v1/system/user/list','GET',1,'admin','深圳总公司','/api/v1/system/user/list?pageNum=1&pageSize=10&deptId=&mobile=&status=&keyWords=','::1','内网IP','{"deptId":"","keyWords":"","mobile":"","pageNum":"1","pageSize":"10","status":""}','2024-06-07 16:14:18') 
2024-06-07 16:14:18.688 [DEBU] {88db2c23c2aad6173d54591f7814aed1} [  8 ms] [default] [gfast] [rows:1  ] INSERT INTO `sys_oper_log`(`title`,`method`,`request_method`,`operator_type`,`oper_name`,`dept_name`,`oper_url`,`oper_ip`,`oper_location`,`oper_param`,`oper_time`) VALUES('','/api/v1/system/user/params','GET',1,'admin','深圳总公司','/api/v1/system/user/params','::1','内网IP','{}','2024-06-07 16:14:18') 
2024-06-07 16:14:59.849 [DEBU] {80c84eb8cbaad6173f54591ffe8962eb} [ 13 ms] [default] [gfast] [rows:1  ] INSERT INTO `sys_oper_log`(`title`,`method`,`request_method`,`operator_type`,`oper_name`,`dept_name`,`oper_url`,`oper_ip`,`oper_location`,`oper_param`,`oper_time`) VALUES('服务监控','/api/v1/system/monitor/server','GET',1,'admin','深圳总公司','/api/v1/system/monitor/server','::1','内网IP','{}','2024-06-07 16:14:59') 
2024-06-07 16:15:00.048 [DEBU] {e0169ec4cbaad6174054591f71691682} [  4 ms] [default] [gfast] [rows:1  ] SELECT `dict_name`,`remark` FROM `sys_dict_type` WHERE (`dict_type`='admin_login_status') AND (`status`=1) LIMIT 1
2024-06-07 16:15:00.050 [DEBU] {88b8d6c4cbaad6174154591f779601ca} [  4 ms] [default] [gfast] [rows:1  ] SELECT COUNT(1) FROM `sys_login_log`
2024-06-07 16:15:00.051 [DEBU] {e0169ec4cbaad6174054591f71691682} [  3 ms] [default] [gfast] [rows:2  ] SELECT `dict_value`,`dict_label`,`is_default`,`remark` FROM `sys_dict_data` WHERE (`dict_type`='admin_login_status') AND (`status`=1) ORDER BY `dict_sort` asc,`dict_code` asc
2024-06-07 16:15:00.051 [DEBU] {88b8d6c4cbaad6174154591f779601ca} [  0 ms] [default] [gfast] [rows:7  ] SELECT `info_id`,`login_name`,`ipaddr`,`login_location`,`browser`,`os`,`status`,`msg`,`login_time`,`module` FROM `sys_login_log` ORDER BY `info_id` DESC LIMIT 0,10
2024-06-07 16:15:00.058 [DEBU] {b42952c5cbaad6174254591f3d65adc7} [  3 ms] [default] [gfast] [rows:1  ] INSERT INTO `sys_oper_log`(`title`,`method`,`request_method`,`operator_type`,`oper_name`,`dept_name`,`oper_url`,`oper_ip`,`oper_location`,`oper_param`,`oper_time`) VALUES('','/api/v1/system/dict/data/getDictData','GET',1,'admin','深圳总公司','/api/v1/system/dict/data/getDictData?dictType=admin_login_status&defaultValue=','::1','内网IP','{"defaultValue":"","dictType":"admin_login_status"}','2024-06-07 16:15:00') 
2024-06-07 16:15:00.058 [DEBU] {9c6362c5cbaad6174354591fe9e8149c} [  2 ms] [default] [gfast] [rows:1  ] INSERT INTO `sys_oper_log`(`title`,`method`,`request_method`,`operator_type`,`oper_name`,`dept_name`,`oper_url`,`oper_ip`,`oper_location`,`oper_param`,`oper_time`) VALUES('登录日志','/api/v1/system/loginLog/list','GET',1,'admin','深圳总公司','/api/v1/system/loginLog/list?pageNum=1&pageSize=10&status=&ipaddr=&loginLocation=&userName=','::1','内网IP','{"ipaddr":"","loginLocation":"","pageNum":"1","pageSize":"10","status":"","userName":""}','2024-06-07 16:15:00') 
2024-06-07 16:15:01.945 [DEBU] {10c2f635ccaad6174654591f3da89bd9} [  1 ms] [default] [gfast] [rows:1  ] SELECT `dict_name`,`remark` FROM `sys_dict_type` WHERE (`dict_type`='sys_oper_log_type') AND (`status`=1) LIMIT 1
2024-06-07 16:15:01.946 [DEBU] {10c2f635ccaad6174654591f3da89bd9} [  0 ms] [default] [gfast] [rows:4  ] SELECT `dict_value`,`dict_label`,`is_default`,`remark` FROM `sys_dict_data` WHERE (`dict_type`='sys_oper_log_type') AND (`status`=1) ORDER BY `dict_sort` asc,`dict_code` asc
2024-06-07 16:15:01.949 [DEBU] {08d52c36ccaad6174754591f67f3b3ec} [  1 ms] [default] [gfast] [rows:1  ] SELECT COUNT(1) FROM `sys_oper_log`
2024-06-07 16:15:01.950 [DEBU] {08d52c36ccaad6174754591f67f3b3ec} [  1 ms] [default] [gfast] [rows:10 ] SELECT `oper_id`,`title`,`business_type`,`method`,`request_method`,`operator_type`,`oper_name`,`dept_name`,`oper_url`,`oper_ip`,`oper_location`,`oper_param`,`error_msg`,`oper_time` FROM `sys_oper_log` ORDER BY `oper_id` DESC LIMIT 0,10
2024-06-07 16:15:01.961 [DEBU] {7cad4e36ccaad6174854591fd9711cea} [ 11 ms] [default] [gfast] [rows:1  ] INSERT INTO `sys_oper_log`(`title`,`method`,`request_method`,`operator_type`,`oper_name`,`dept_name`,`oper_url`,`oper_ip`,`oper_location`,`oper_param`,`oper_time`) VALUES('','/api/v1/system/dict/data/getDictData','GET',1,'admin','深圳总公司','/api/v1/system/dict/data/getDictData?dictType=sys_oper_log_type&defaultValue=','::1','内网IP','{"defaultValue":"","dictType":"sys_oper_log_type"}','2024-06-07 16:15:01') 
2024-06-07 16:15:01.966 [DEBU] {4c598736ccaad6174954591fc0d92772} [ 12 ms] [default] [gfast] [rows:1  ] INSERT INTO `sys_oper_log`(`title`,`method`,`request_method`,`operator_type`,`oper_name`,`dept_name`,`oper_url`,`oper_ip`,`oper_location`,`oper_param`,`oper_time`) VALUES('操作日志','/api/v1/system/operLog/list','GET',1,'admin','深圳总公司','/api/v1/system/operLog/list?pageNum=1&pageSize=10','::1','内网IP','{"pageNum":"1","pageSize":"10"}','2024-06-07 16:15:01') 
2024-06-07 16:15:08.157 [DEBU] {d04328a8cdaad6174a54591fd0546a0d} [  3 ms] [default] [gfast] [rows:1  ] SELECT COUNT(1) FROM `sys_dict_type`
2024-06-07 16:15:08.159 [DEBU] {d04328a8cdaad6174a54591fd0546a0d} [  1 ms] [default] [gfast] [rows:10 ] SELECT `dict_id`,`dict_name`,`dict_type`,`status`,`remark`,`created_at` FROM `sys_dict_type` ORDER BY `dict_id` asc LIMIT 0,10
2024-06-07 16:15:08.163 [DEBU] {88438ea8cdaad6174b54591f78c3b9bd} [  1 ms] [default] [gfast] [rows:1  ] INSERT INTO `sys_oper_log`(`title`,`method`,`request_method`,`operator_type`,`oper_name`,`dept_name`,`oper_url`,`oper_ip`,`oper_location`,`oper_param`,`oper_time`) VALUES('字典管理','/api/v1/system/dict/type/list','GET',1,'admin','深圳总公司','/api/v1/system/dict/type/list?pageNum=1&pageSize=10&dictName=&dictType=&status=','::1','内网IP','{"dictName":"","dictType":"","pageNum":"1","pageSize":"10","status":""}','2024-06-07 16:15:08') 
2024-06-07 16:15:23.297 [DEBU] {8c4aa92ed1aad6174e54591f32b11206} [  1 ms] [default] [gfast] [rows:1  ] SELECT COUNT(1) FROM `sys_config`
2024-06-07 16:15:23.298 [DEBU] {8c4aa92ed1aad6174e54591f32b11206} [  0 ms] [default] [gfast] [rows:5  ] SELECT `config_id`,`config_name`,`config_key`,`config_value`,`config_type`,`create_by`,`update_by`,`remark`,`created_at`,`updated_at` FROM `sys_config` ORDER BY `config_id` asc LIMIT 0,10
2024-06-07 16:15:23.306 [DEBU] {e41b942ed1aad6174d54591f90ca7156} [ 11 ms] [default] [gfast] [rows:1  ] INSERT INTO `sys_oper_log`(`title`,`method`,`request_method`,`operator_type`,`oper_name`,`dept_name`,`oper_url`,`oper_ip`,`oper_location`,`oper_param`,`oper_time`) VALUES('','/api/v1/system/dict/data/getDictData','GET',1,'admin','深圳总公司','/api/v1/system/dict/data/getDictData?dictType=sys_yes_no&defaultValue=','::1','内网IP','{"defaultValue":"","dictType":"sys_yes_no"}','2024-06-07 16:15:23') 
2024-06-07 16:15:23.307 [DEBU] {b45f072fd1aad6174f54591fb95cfc2c} [  4 ms] [default] [gfast] [rows:1  ] INSERT INTO `sys_oper_log`(`title`,`method`,`request_method`,`operator_type`,`oper_name`,`dept_name`,`oper_url`,`oper_ip`,`oper_location`,`oper_param`,`oper_time`) VALUES('参数管理','/api/v1/system/config/list','GET',1,'admin','深圳总公司','/api/v1/system/config/list?pageNum=1&pageSize=10&configName=&configKey=&configType=','::1','内网IP','{"configKey":"","configName":"","configType":"","pageNum":"1","pageSize":"10"}','2024-06-07 16:15:23') 
2024-06-07 16:15:38.802 [DEBU] {108e9ccad4aad6175154591ffe4a8e62} [  4 ms] [default] [gfast] [rows:1  ] INSERT INTO `sys_oper_log`(`title`,`method`,`request_method`,`operator_type`,`oper_name`,`dept_name`,`oper_url`,`oper_ip`,`oper_location`,`oper_param`,`oper_time`) VALUES('服务监控','/api/v1/system/monitor/server','GET',1,'admin','深圳总公司','/api/v1/system/monitor/server','::1','内网IP','{}','2024-06-07 16:15:38') 
2024-06-07 16:15:41.381 [DEBU] {308fe663d5aad6175354591f34fe267a} [ 11 ms] [default] [gfast] [rows:1  ] INSERT INTO `sys_oper_log`(`title`,`method`,`request_method`,`operator_type`,`oper_name`,`dept_name`,`oper_url`,`oper_ip`,`oper_location`,`oper_param`,`oper_time`) VALUES('服务监控','/api/v1/system/monitor/server','GET',1,'admin','深圳总公司','/api/v1/system/monitor/server','::1','内网IP','{}','2024-06-07 16:15:41') 
2024-06-07 16:15:46.384 [DEBU] {841ea58ed6aad6175554591f7d36c190} [  2 ms] [default] [gfast] [rows:1  ] INSERT INTO `sys_oper_log`(`title`,`method`,`request_method`,`operator_type`,`oper_name`,`dept_name`,`oper_url`,`oper_ip`,`oper_location`,`oper_param`,`oper_time`) VALUES('服务监控','/api/v1/system/monitor/server','GET',1,'admin','深圳总公司','/api/v1/system/monitor/server','::1','内网IP','{}','2024-06-07 16:15:46') 
2024-06-07 16:15:51.384 [DEBU] {1cc9afb8d7aad6175754591f2d7602a4} [  2 ms] [default] [gfast] [rows:1  ] INSERT INTO `sys_oper_log`(`title`,`method`,`request_method`,`operator_type`,`oper_name`,`dept_name`,`oper_url`,`oper_ip`,`oper_location`,`oper_param`,`oper_time`) VALUES('服务监控','/api/v1/system/monitor/server','GET',1,'admin','深圳总公司','/api/v1/system/monitor/server','::1','内网IP','{}','2024-06-07 16:15:51') 
2024-06-07 16:15:52.081 [DEBU] {e8901fe2d7aad6175954591f54ad0cb8} [  4 ms] [default] [gfast] [rows:1  ] SELECT COUNT(1) FROM `sys_config`
2024-06-07 16:15:52.084 [DEBU] {e45027e2d7aad6175a54591fe92939ed} [  2 ms] [default] [gfast] [rows:1  ] INSERT INTO `sys_oper_log`(`title`,`method`,`request_method`,`operator_type`,`oper_name`,`dept_name`,`oper_url`,`oper_ip`,`oper_location`,`oper_param`,`oper_time`) VALUES('','/api/v1/system/dict/data/getDictData','GET',1,'admin','深圳总公司','/api/v1/system/dict/data/getDictData?dictType=sys_yes_no&defaultValue=','::1','内网IP','{"defaultValue":"","dictType":"sys_yes_no"}','2024-06-07 16:15:52') 
2024-06-07 16:15:52.090 [DEBU] {e8901fe2d7aad6175954591f54ad0cb8} [  7 ms] [default] [gfast] [rows:5  ] SELECT `config_id`,`config_name`,`config_key`,`config_value`,`config_type`,`create_by`,`update_by`,`remark`,`created_at`,`updated_at` FROM `sys_config` ORDER BY `config_id` asc LIMIT 0,10
2024-06-07 16:15:52.102 [DEBU] {fcb25be3d7aad6175b54591ffc3b8236} [  2 ms] [default] [gfast] [rows:1  ] INSERT INTO `sys_oper_log`(`title`,`method`,`request_method`,`operator_type`,`oper_name`,`dept_name`,`oper_url`,`oper_ip`,`oper_location`,`oper_param`,`oper_time`) VALUES('参数管理','/api/v1/system/config/list','GET',1,'admin','深圳总公司','/api/v1/system/config/list?pageNum=1&pageSize=10&configName=&configKey=&configType=','::1','内网IP','{"configKey":"","configName":"","configType":"","pageNum":"1","pageSize":"10"}','2024-06-07 16:15:52') 
2024-06-07 16:16:33.404 [DEBU] {503d4e81e1aad6175d54591f4b230a9d} [  2 ms] [default] [gfast] [rows:1  ] SELECT COUNT(1) FROM `sys_config`
2024-06-07 16:16:33.407 [DEBU] {58e06681e1aad6175e54591f6644ff1f} [  2 ms] [default] [gfast] [rows:1  ] INSERT INTO `sys_oper_log`(`title`,`method`,`request_method`,`operator_type`,`oper_name`,`dept_name`,`oper_url`,`oper_ip`,`oper_location`,`oper_param`,`oper_time`) VALUES('','/api/v1/system/dict/data/getDictData','GET',1,'admin','深圳总公司','/api/v1/system/dict/data/getDictData?dictType=sys_yes_no&defaultValue=','::1','内网IP','{"defaultValue":"","dictType":"sys_yes_no"}','2024-06-07 16:16:33') 
2024-06-07 16:16:33.408 [DEBU] {503d4e81e1aad6175d54591f4b230a9d} [  2 ms] [default] [gfast] [rows:5  ] SELECT `config_id`,`config_name`,`config_key`,`config_value`,`config_type`,`create_by`,`update_by`,`remark`,`created_at`,`updated_at` FROM `sys_config` ORDER BY `config_id` asc LIMIT 0,10
2024-06-07 16:16:33.415 [DEBU] {a4b7de81e1aad6175f54591fee9ffcc4} [  1 ms] [default] [gfast] [rows:1  ] INSERT INTO `sys_oper_log`(`title`,`method`,`request_method`,`operator_type`,`oper_name`,`dept_name`,`oper_url`,`oper_ip`,`oper_location`,`oper_param`,`oper_time`) VALUES('参数管理','/api/v1/system/config/list','GET',1,'admin','深圳总公司','/api/v1/system/config/list?pageNum=1&pageSize=10&configName=&configKey=&configType=','::1','内网IP','{"configKey":"","configName":"","configType":"","pageNum":"1","pageSize":"10"}','2024-06-07 16:16:33') 
