2024-06-07 14:17:31 [INFO] {3876f39062a4d6175a91ec2405fc9845} D:/code/gitea/gcts/internal/cmd/cmd.go:22: 
   ____________           __ 
  / ____/ ____/___ ______/ /_
 / / __/ /_  / __ `/ ___/ __/
/ /_/ / __/ / /_/ (__  ) /_  
\____/_/    \__,_/____/\__/   Version: 3.2.19
2024-06-07 14:17:45 [INFO] {144d02ef65a4d6175c91ec24cf658ffa} C:/Users/zhyj/go/pkg/mod/github.com/tiger1103/gfast-token@v1.0.6/gftoken/gftoken.go:118: token is invalid
2024-06-07 15:44:05 [INFO] {f458bdec1ba9d6177a4b4f0d88bbbd75} D:/code/gitea/gcts/internal/cmd/cmd.go:22: 
   ____________           __ 
  / ____/ ____/___ ______/ /_
 / / __/ /_  / __ `/ ___/ __/
/ /_/ / __/ / /_/ (__  ) /_  
\____/_/    \__,_/____/\__/   Version: 3.2.19
2024-06-07 15:45:27 [INFO] {881040062fa9d6177e4b4f0d730989c5} C:/Users/zhyj/go/pkg/mod/github.com/tiger1103/gfast-token@v1.0.6/gftoken/gftoken.go:118: token is invalid
2024-06-07 15:45:27 [INFO] {2c9251062fa9d6177f4b4f0d742d9722} C:/Users/zhyj/go/pkg/mod/github.com/tiger1103/gfast-token@v1.0.6/gftoken/gftoken.go:118: token is invalid
2024-06-07 15:45:27 [INFO] {2c9251062fa9d617804b4f0dc8847004} C:/Users/zhyj/go/pkg/mod/github.com/tiger1103/gfast-token@v1.0.6/gftoken/gftoken.go:118: token is invalid
2024-06-07 15:45:27 [INFO] {2c9251062fa9d617814b4f0d3c509261} C:/Users/zhyj/go/pkg/mod/github.com/tiger1103/gfast-token@v1.0.6/gftoken/gftoken.go:118: token is invalid
2024-06-07 15:47:08 [INFO] {8075547846a9d61795350a44074eb3c7} D:/code/gitea/gcts/internal/cmd/cmd.go:22: 
   ____________           __ 
  / ____/ ____/___ ______/ /_
 / / __/ /_  / __ `/ ___/ __/
/ /_/ / __/ / /_/ (__  ) /_  
\____/_/    \__,_/____/\__/   Version: 3.2.19
2024-06-07 15:51:46 [INFO] {3c26355d87a9d6179a350a440376cba0} C:/Users/zhyj/go/pkg/mod/github.com/tiger1103/gfast-token@v1.0.6/gftoken/gftoken.go:118: token is invalid
2024-06-07 15:57:16 [INFO] {403b5d3dd4a9d617e7077c2e0a1b8a52} D:/code/gitea/gcts/internal/cmd/cmd.go:22: 
   ____________           __ 
  / ____/ ____/___ ______/ /_
 / / __/ /_  / __ `/ ___/ __/
/ /_/ / __/ / /_/ (__  ) /_  
\____/_/    \__,_/____/\__/   Version: 3.2.19
2024-06-07 16:05:37 [INFO] {905cb9af48aad617f7b33e2f4f941ea8} D:/code/gitea/gcts/internal/cmd/cmd.go:22: 
   ____________           __ 
  / ____/ ____/___ ______/ /_
 / / __/ /_  / __ `/ ___/ __/
/ /_/ / __/ / /_/ (__  ) /_  
\____/_/    \__,_/____/\__/   Version: 3.2.19
2024-06-07 16:06:29 [INFO] {f80516f954aad6171b5f5410061cb583} D:/code/gitea/gcts/internal/cmd/cmd.go:22: 
   ____________           __ 
  / ____/ ____/___ ______/ /_
 / / __/ /_  / __ `/ ___/ __/
/ /_/ / __/ / /_/ (__  ) /_  
\____/_/    \__,_/____/\__/   Version: 3.2.19
2024-06-07 16:07:25 [INFO] {683984d561aad617e753591f07618a46} D:/code/gitea/gcts/internal/cmd/cmd.go:22: 
   ____________           __ 
  / ____/ ____/___ ______/ /_
 / / __/ /_  / __ `/ ___/ __/
/ /_/ / __/ / /_/ (__  ) /_  
\____/_/    \__,_/____/\__/   Version: 3.2.19
2024-06-07 16:11:28 [INFO] {d04c6c669aaad617ea53591fb0e6f9c3} C:/Users/zhyj/go/pkg/mod/github.com/tiger1103/gfast-token@v1.0.6/gftoken/gftoken.go:118: token is invalid
2024-06-07 16:11:28 [INFO] {d04c6c669aaad617eb53591f6b7065be} C:/Users/zhyj/go/pkg/mod/github.com/tiger1103/gfast-token@v1.0.6/gftoken/gftoken.go:118: token is invalid
2024-06-07 16:11:28 [INFO] {dc6574669aaad617ec53591fd6341230} C:/Users/zhyj/go/pkg/mod/github.com/tiger1103/gfast-token@v1.0.6/gftoken/gftoken.go:118: token is invalid
2024-06-07 16:11:28 [INFO] {dc6574669aaad617ed53591f5e4fe820} C:/Users/zhyj/go/pkg/mod/github.com/tiger1103/gfast-token@v1.0.6/gftoken/gftoken.go:118: token is invalid
