2024-06-14 09:57:32 [INFO] {5cdb05b042bcd8176d6f911e6afa0605} D:/code/gitea/gcts/internal/cmd/cmd.go:22: 
   ____________           __ 
  / ____/ ____/___ ______/ /_
 / / __/ /_  / __ `/ ___/ __/
/ /_/ / __/ / /_/ (__  ) /_  
\____/_/    \__,_/____/\__/   Version: 3.2.19
2024-06-14 10:05:26 [INFO] {2cd96df2b0bcd817f99608701cdea254} D:/code/gitea/gcts/internal/cmd/cmd.go:22: 
   ____________           __ 
  / ____/ ____/___ ______/ /_
 / / __/ /_  / __ `/ ___/ __/
/ /_/ / __/ / /_/ (__  ) /_  
\____/_/    \__,_/____/\__/   Version: 3.2.19
2024-06-14 10:41:33 [INFO] {cccedf86a9bed817e6b1b4351e7b700f} D:/code/gitea/gcts/internal/cmd/cmd.go:22: 
   ____________           __ 
  / ____/ ____/___ ______/ /_
 / / __/ /_  / __ `/ ___/ __/
/ /_/ / __/ / /_/ (__  ) /_  
\____/_/    \__,_/____/\__/   Version: 3.2.19
2024-06-14 11:08:06 [INFO] {f0b8fa7a1cc0d817bffb213cd6393a26} D:/code/gitea/gcts/internal/cmd/cmd.go:22: 
   ____________           __ 
  / ____/ ____/___ ______/ /_
 / / __/ /_  / __ `/ ___/ __/
/ /_/ / __/ / /_/ (__  ) /_  
\____/_/    \__,_/____/\__/   Version: 3.2.19
2024-06-14 11:09:42 [INFO] {b8b228d432c0d817e6540e3d03914690} D:/code/gitea/gcts/internal/cmd/cmd.go:22: 
   ____________           __ 
  / ____/ ____/___ ______/ /_
 / / __/ /_  / __ `/ ___/ __/
/ /_/ / __/ / /_/ (__  ) /_  
\____/_/    \__,_/____/\__/   Version: 3.2.19
2024-06-14 11:16:16 [INFO] {1c57c78f8ec0d81733df09632c0084a0} D:/code/gitea/gcts/internal/cmd/cmd.go:22: 
   ____________           __ 
  / ____/ ____/___ ______/ /_
 / / __/ /_  / __ `/ ___/ __/
/ /_/ / __/ / /_/ (__  ) /_  
\____/_/    \__,_/____/\__/   Version: 3.2.19
2024-06-14 11:17:01 [INFO] {c80cc02099c0d817d492df41986c9f3b} D:/code/gitea/gcts/internal/cmd/cmd.go:22: 
   ____________           __ 
  / ____/ ____/___ ______/ /_
 / / __/ /_  / __ `/ ___/ __/
/ /_/ / __/ / /_/ (__  ) /_  
\____/_/    \__,_/____/\__/   Version: 3.2.19
2024-06-14 11:18:07 [INFO] {f426926ca8c0d817437b0e632ef12a40} D:/code/gitea/gcts/internal/cmd/cmd.go:22: 
   ____________           __ 
  / ____/ ____/___ ______/ /_
 / / __/ /_  / __ `/ ___/ __/
/ /_/ / __/ / /_/ (__  ) /_  
\____/_/    \__,_/____/\__/   Version: 3.2.19
2024-06-14 11:19:32 [INFO] {2c53d934bcc0d817168ea43f8785c478} D:/code/gitea/gcts/internal/cmd/cmd.go:22: 
   ____________           __ 
  / ____/ ____/___ ______/ /_
 / / __/ /_  / __ `/ ___/ __/
/ /_/ / __/ / /_/ (__  ) /_  
\____/_/    \__,_/____/\__/   Version: 3.2.19
2024-06-14 11:35:37 [INFO] {10e7e7fe9cc1d81717336244b68506b5} D:/code/gitea/gcts/internal/cmd/cmd.go:22: 
   ____________           __ 
  / ____/ ____/___ ______/ /_
 / / __/ /_  / __ `/ ___/ __/
/ /_/ / __/ / /_/ (__  ) /_  
\____/_/    \__,_/____/\__/   Version: 3.2.19
2024-06-14 11:40:35 [INFO] {50dde63de2c1d817f4b9b4655c636a62} D:/code/gitea/gcts/internal/cmd/cmd.go:22: 
   ____________           __ 
  / ____/ ____/___ ______/ /_
 / / __/ /_  / __ `/ ___/ __/
/ /_/ / __/ / /_/ (__  ) /_  
\____/_/    \__,_/____/\__/   Version: 3.2.19
2024-06-14 11:41:09 [INFO] {f08d5828eac1d8175578e14c609a8ea0} D:/code/gitea/gcts/internal/cmd/cmd.go:22: 
   ____________           __ 
  / ____/ ____/___ ______/ /_
 / / __/ /_  / __ `/ ___/ __/
/ /_/ / __/ / /_/ (__  ) /_  
\____/_/    \__,_/____/\__/   Version: 3.2.19
2024-06-14 11:41:57 [INFO] {2021ab48f5c1d817107c9b2559b00421} D:/code/gitea/gcts/internal/cmd/cmd.go:22: 
   ____________           __ 
  / ____/ ____/___ ______/ /_
 / / __/ /_  / __ `/ ___/ __/
/ /_/ / __/ / /_/ (__  ) /_  
\____/_/    \__,_/____/\__/   Version: 3.2.19
2024-06-14 12:11:00 [INFO] {d064c9498bc3d8172bcd2346a55620f1} D:/code/gitea/gcts/internal/cmd/cmd.go:22: 
   ____________           __ 
  / ____/ ____/___ ______/ /_
 / / __/ /_  / __ `/ ___/ __/
/ /_/ / __/ / /_/ (__  ) /_  
\____/_/    \__,_/____/\__/   Version: 3.2.19
2024-06-14 12:11:48 [INFO] {f05f4f7a96c3d817d10c177eedfeea49} D:/code/gitea/gcts/internal/cmd/cmd.go:22: 
   ____________           __ 
  / ____/ ____/___ ______/ /_
 / / __/ /_  / __ `/ ___/ __/
/ /_/ / __/ / /_/ (__  ) /_  
\____/_/    \__,_/____/\__/   Version: 3.2.19
