2024-06-10 20:54:46 [INFO] {98d09ce7cda5d717a8ddb621428af4ed} D:/code/gitea/gcts/internal/cmd/cmd.go:22: 
   ____________           __ 
  / ____/ ____/___ ______/ /_
 / / __/ /_  / __ `/ ___/ __/
/ /_/ / __/ / /_/ (__  ) /_  
\____/_/    \__,_/____/\__/   Version: 3.2.19
2024-06-10 21:04:01 [INFO] {08e085254fa6d717acddb6219f6b7274} C:/Users/zhyj/go/pkg/mod/github.com/tiger1103/gfast-token@v1.0.6/gftoken/gftoken.go:118: token is invalid
2024-06-10 21:55:06 [INFO] {a00b28ad18a9d717d7fb694b8f1a2b29} D:/code/gitea/gcts/internal/cmd/cmd.go:22: 
   ____________           __ 
  / ____/ ____/___ ______/ /_
 / / __/ /_  / __ `/ ___/ __/
/ /_/ / __/ / /_/ (__  ) /_  
\____/_/    \__,_/____/\__/   Version: 3.2.19
2024-06-10 21:56:09 [INFO] {08849f4627a9d7170730a5589e0fad41} D:/code/gitea/gcts/internal/cmd/cmd.go:22: 
   ____________           __ 
  / ____/ ____/___ ______/ /_
 / / __/ /_  / __ `/ ___/ __/
/ /_/ / __/ / /_/ (__  ) /_  
\____/_/    \__,_/____/\__/   Version: 3.2.19
2024-06-10 22:07:12 [INFO] {e0dc16d6c1a9d717a7cbcb416060b395} D:/code/gitea/gcts/internal/cmd/cmd.go:22: 
   ____________           __ 
  / ____/ ____/___ ______/ /_
 / / __/ /_  / __ `/ ___/ __/
/ /_/ / __/ / /_/ (__  ) /_  
\____/_/    \__,_/____/\__/   Version: 3.2.19
2024-06-10 22:21:54 [INFO] {4c1c9f338faad717115faf2111899d30} D:/code/gitea/gcts/internal/cmd/cmd.go:22: 
   ____________           __ 
  / ____/ ____/___ ______/ /_
 / / __/ /_  / __ `/ ___/ __/
/ /_/ / __/ / /_/ (__  ) /_  
\____/_/    \__,_/____/\__/   Version: 3.2.19
2024-06-10 22:31:08 [INFO] {b48d6a2610abd717c1a50e2cdc911672} D:/code/gitea/gcts/internal/cmd/cmd.go:22: 
   ____________           __ 
  / ____/ ____/___ ______/ /_
 / / __/ /_  / __ `/ ___/ __/
/ /_/ / __/ / /_/ (__  ) /_  
\____/_/    \__,_/____/\__/   Version: 3.2.19
2024-06-10 22:56:23 [INFO] {a020c5e570acd71701dec928edaf70c7} D:/code/gitea/gcts/internal/cmd/cmd.go:22: 
   ____________           __ 
  / ____/ ____/___ ______/ /_
 / / __/ /_  / __ `/ ___/ __/
/ /_/ / __/ / /_/ (__  ) /_  
\____/_/    \__,_/____/\__/   Version: 3.2.19
2024-06-10 22:57:45 [INFO] {2863a1db83acd7179d85836cc5e1f15e} D:/code/gitea/gcts/internal/cmd/cmd.go:22: 
   ____________           __ 
  / ____/ ____/___ ______/ /_
 / / __/ /_  / __ `/ ___/ __/
/ /_/ / __/ / /_/ (__  ) /_  
\____/_/    \__,_/____/\__/   Version: 3.2.19
2024-06-10 23:00:36 [INFO] {48b46cc2abacd7177cb56d7344b27cf9} D:/code/gitea/gcts/internal/cmd/cmd.go:22: 
   ____________           __ 
  / ____/ ____/___ ______/ /_
 / / __/ /_  / __ `/ ___/ __/
/ /_/ / __/ / /_/ (__  ) /_  
\____/_/    \__,_/____/\__/   Version: 3.2.19
2024-06-10 23:01:21 [INFO] {c46cc42bb6acd7179f767d0fa9cdf719} D:/code/gitea/gcts/internal/cmd/cmd.go:22: 
   ____________           __ 
  / ____/ ____/___ ______/ /_
 / / __/ /_  / __ `/ ___/ __/
/ /_/ / __/ / /_/ (__  ) /_  
\____/_/    \__,_/____/\__/   Version: 3.2.19
2024-06-10 23:02:26 [INFO] {1c770367c5acd717ebc7ab600f8d2266} D:/code/gitea/gcts/internal/cmd/cmd.go:22: 
   ____________           __ 
  / ____/ ____/___ ______/ /_
 / / __/ /_  / __ `/ ___/ __/
/ /_/ / __/ / /_/ (__  ) /_  
\____/_/    \__,_/____/\__/   Version: 3.2.19
2024-06-10 23:06:01 [INFO] {d4b10671f7acd717b614de75a097e0f8} D:/code/gitea/gcts/internal/cmd/cmd.go:22: 
   ____________           __ 
  / ____/ ____/___ ______/ /_
 / / __/ /_  / __ `/ ___/ __/
/ /_/ / __/ / /_/ (__  ) /_  
\____/_/    \__,_/____/\__/   Version: 3.2.19
